SF:C:\Users\Admin\RustProjects\RustBD\src\analyzer\access_checker.rs
FN:183,_RNCNvMs1_NtNtCsioRnW7FrYT6_6rustdb8analyzer14access_checkerNtB7_4User14has_permission0Bb_
FN:36,_RNvMNtNtCsioRnW7FrYT6_6rustdb8analyzer14access_checkerNtB2_17AccessCheckResult11add_warning
FN:22,_RNvMNtNtCsioRnW7FrYT6_6rustdb8analyzer14access_checkerNtB2_17AccessCheckResult3new
FN:31,_RNvMNtNtCsioRnW7FrYT6_6rustdb8analyzer14access_checkerNtB2_17AccessCheckResult9add_error
FN:149,_RNvMs0_NtNtCsioRnW7FrYT6_6rustdb8analyzer14access_checkerNtB5_4Role14has_permission
FN:144,_RNvMs0_NtNtCsioRnW7FrYT6_6rustdb8analyzer14access_checkerNtB5_4Role15with_permission
FN:119,_RNvMs0_NtNtCsioRnW7FrYT6_6rustdb8analyzer14access_checkerNtB5_4Role3new
FN:127,_RNvMs0_NtNtCsioRnW7FrYT6_6rustdb8analyzer14access_checkerNtB5_4Role5admin
FN:176,_RNvMs1_NtNtCsioRnW7FrYT6_6rustdb8analyzer14access_checkerNtB5_4User14has_permission
FN:163,_RNvMs1_NtNtCsioRnW7FrYT6_6rustdb8analyzer14access_checkerNtB5_4User3new
FN:186,_RNvMs1_NtNtCsioRnW7FrYT6_6rustdb8analyzer14access_checkerNtB5_4User8is_admin
FN:171,_RNvMs1_NtNtCsioRnW7FrYT6_6rustdb8analyzer14access_checkerNtB5_4User9with_role
FN:218,_RNvMs2_NtNtCsioRnW7FrYT6_6rustdb8analyzer14access_checkerNtB5_10AccessRule12grant_public
FN:210,_RNvMs2_NtNtCsioRnW7FrYT6_6rustdb8analyzer14access_checkerNtB5_10AccessRule13grant_to_user
FN:223,_RNvMs2_NtNtCsioRnW7FrYT6_6rustdb8analyzer14access_checkerNtB5_10AccessRule16check_permission
FN:201,_RNvMs2_NtNtCsioRnW7FrYT6_6rustdb8analyzer14access_checkerNtB5_10AccessRule3new
FN:554,_RNvMs3_NtNtCsioRnW7FrYT6_6rustdb8analyzer14access_checkerNtB5_13AccessChecker10is_enabled
FN:279,_RNvMs3_NtNtCsioRnW7FrYT6_6rustdb8analyzer14access_checkerNtB5_13AccessChecker10permissive
FN:549,_RNvMs3_NtNtCsioRnW7FrYT6_6rustdb8analyzer14access_checkerNtB5_13AccessChecker11set_enabled
FN:342,_RNvMs3_NtNtCsioRnW7FrYT6_6rustdb8analyzer14access_checkerNtB5_13AccessChecker15add_access_rule
FN:293,_RNvMs3_NtNtCsioRnW7FrYT6_6rustdb8analyzer14access_checkerNtB5_13AccessChecker15check_statement
FN:579,_RNvMs3_NtNtCsioRnW7FrYT6_6rustdb8analyzer14access_checkerNtB5_13AccessChecker15get_access_rule
FN:379,_RNvMs3_NtNtCsioRnW7FrYT6_6rustdb8analyzer14access_checkerNtB5_13AccessChecker16check_permission
FN:574,_RNvMs3_NtNtCsioRnW7FrYT6_6rustdb8analyzer14access_checkerNtB5_13AccessChecker16get_access_rules
FN:347,_RNvMs3_NtNtCsioRnW7FrYT6_6rustdb8analyzer14access_checkerNtB5_13AccessChecker16grant_permission
FN:362,_RNvMs3_NtNtCsioRnW7FrYT6_6rustdb8analyzer14access_checkerNtB5_13AccessChecker17revoke_permission
FN:559,_RNvMs3_NtNtCsioRnW7FrYT6_6rustdb8analyzer14access_checkerNtB5_13AccessChecker17set_default_allow
FN:519,_RNvMs3_NtNtCsioRnW7FrYT6_6rustdb8analyzer14access_checkerNtB5_13AccessChecker18check_table_access
FN:468,_RNvMs3_NtNtCsioRnW7FrYT6_6rustdb8analyzer14access_checkerNtB5_13AccessChecker19check_delete_access
FN:448,_RNvMs3_NtNtCsioRnW7FrYT6_6rustdb8analyzer14access_checkerNtB5_13AccessChecker19check_insert_access
FN:416,_RNvMs3_NtNtCsioRnW7FrYT6_6rustdb8analyzer14access_checkerNtB5_13AccessChecker19check_select_access
FN:458,_RNvMs3_NtNtCsioRnW7FrYT6_6rustdb8analyzer14access_checkerNtB5_13AccessChecker19check_update_access
FN:509,_RNvMs3_NtNtCsioRnW7FrYT6_6rustdb8analyzer14access_checkerNtB5_13AccessChecker23check_drop_table_access
FN:499,_RNvMs3_NtNtCsioRnW7FrYT6_6rustdb8analyzer14access_checkerNtB5_13AccessChecker24check_alter_table_access
FN:478,_RNvMs3_NtNtCsioRnW7FrYT6_6rustdb8analyzer14access_checkerNtB5_13AccessChecker25check_create_table_access
FN:262,_RNvMs3_NtNtCsioRnW7FrYT6_6rustdb8analyzer14access_checkerNtB5_13AccessChecker3new
FN:337,_RNvMs3_NtNtCsioRnW7FrYT6_6rustdb8analyzer14access_checkerNtB5_13AccessChecker8add_user
FN:286,_RNvMs3_NtNtCsioRnW7FrYT6_6rustdb8analyzer14access_checkerNtB5_13AccessChecker8disabled
FN:569,_RNvMs3_NtNtCsioRnW7FrYT6_6rustdb8analyzer14access_checkerNtB5_13AccessChecker8get_user
FN:564,_RNvMs3_NtNtCsioRnW7FrYT6_6rustdb8analyzer14access_checkerNtB5_13AccessChecker9get_users
FN:94,_RNvMs_NtNtCsioRnW7FrYT6_6rustdb8analyzer14access_checkerNtB4_10Permission6as_str
FN:585,_RNvXs4_NtNtCsioRnW7FrYT6_6rustdb8analyzer14access_checkerNtB5_13AccessCheckerNtNtCsixiwFwjEgS7_4core7default7Default7default
FN:36,_RNvMNtNtCs9nxHbwgHRMj_6rustdb8analyzer14access_checkerNtB2_17AccessCheckResult11add_warning
FN:549,_RNvMs3_NtNtCs9nxHbwgHRMj_6rustdb8analyzer14access_checkerNtB5_13AccessChecker11set_enabled
FN:579,_RNvMs3_NtNtCs9nxHbwgHRMj_6rustdb8analyzer14access_checkerNtB5_13AccessChecker15get_access_rule
FN:574,_RNvMs3_NtNtCs9nxHbwgHRMj_6rustdb8analyzer14access_checkerNtB5_13AccessChecker16get_access_rules
FN:559,_RNvMs3_NtNtCs9nxHbwgHRMj_6rustdb8analyzer14access_checkerNtB5_13AccessChecker17set_default_allow
FN:564,_RNvMs3_NtNtCs9nxHbwgHRMj_6rustdb8analyzer14access_checkerNtB5_13AccessChecker9get_users
FN:585,_RNvXs4_NtNtCs9nxHbwgHRMj_6rustdb8analyzer14access_checkerNtB5_13AccessCheckerNtNtCsixiwFwjEgS7_4core7default7Default7default
FN:608,_RNvNtNtNtCs9nxHbwgHRMj_6rustdb8analyzer14access_checker5testss_15test_admin_role
FN:629,_RNvNtNtNtCs9nxHbwgHRMj_6rustdb8analyzer14access_checker5testss_16test_access_rule
FN:595,_RNvNtNtNtCs9nxHbwgHRMj_6rustdb8analyzer14access_checker5testss_18test_role_creation
FN:672,_RNvNtNtNtCs9nxHbwgHRMj_6rustdb8analyzer14access_checker5testss_21test_disabled_checker
FN:618,_RNvNtNtNtCs9nxHbwgHRMj_6rustdb8analyzer14access_checker5testss_21test_user_permissions
FN:662,_RNvNtNtNtCs9nxHbwgHRMj_6rustdb8analyzer14access_checker5testss_22test_admin_permissions
FN:640,_RNvNtNtNtCs9nxHbwgHRMj_6rustdb8analyzer14access_checker5testss_28test_access_checker_creation
FN:649,_RNvNtNtNtCs9nxHbwgHRMj_6rustdb8analyzer14access_checker5testss_28test_permission_grant_revoke
FN:22,_RNvMNtNtCs9nxHbwgHRMj_6rustdb8analyzer14access_checkerNtB2_17AccessCheckResult3new
FN:31,_RNvMNtNtCs9nxHbwgHRMj_6rustdb8analyzer14access_checkerNtB2_17AccessCheckResult9add_error
FN:149,_RNvMs0_NtNtCs9nxHbwgHRMj_6rustdb8analyzer14access_checkerNtB5_4Role14has_permission
FN:144,_RNvMs0_NtNtCs9nxHbwgHRMj_6rustdb8analyzer14access_checkerNtB5_4Role15with_permission
FN:119,_RNvMs0_NtNtCs9nxHbwgHRMj_6rustdb8analyzer14access_checkerNtB5_4Role3new
FN:127,_RNvMs0_NtNtCs9nxHbwgHRMj_6rustdb8analyzer14access_checkerNtB5_4Role5admin
FN:176,_RNvMs1_NtNtCs9nxHbwgHRMj_6rustdb8analyzer14access_checkerNtB5_4User14has_permission
FN:163,_RNvMs1_NtNtCs9nxHbwgHRMj_6rustdb8analyzer14access_checkerNtB5_4User3new
FN:186,_RNvMs1_NtNtCs9nxHbwgHRMj_6rustdb8analyzer14access_checkerNtB5_4User8is_admin
FN:171,_RNvMs1_NtNtCs9nxHbwgHRMj_6rustdb8analyzer14access_checkerNtB5_4User9with_role
FN:218,_RNvMs2_NtNtCs9nxHbwgHRMj_6rustdb8analyzer14access_checkerNtB5_10AccessRule12grant_public
FN:210,_RNvMs2_NtNtCs9nxHbwgHRMj_6rustdb8analyzer14access_checkerNtB5_10AccessRule13grant_to_user
FN:223,_RNvMs2_NtNtCs9nxHbwgHRMj_6rustdb8analyzer14access_checkerNtB5_10AccessRule16check_permission
FN:201,_RNvMs2_NtNtCs9nxHbwgHRMj_6rustdb8analyzer14access_checkerNtB5_10AccessRule3new
FN:554,_RNvMs3_NtNtCs9nxHbwgHRMj_6rustdb8analyzer14access_checkerNtB5_13AccessChecker10is_enabled
FN:279,_RNvMs3_NtNtCs9nxHbwgHRMj_6rustdb8analyzer14access_checkerNtB5_13AccessChecker10permissive
FN:342,_RNvMs3_NtNtCs9nxHbwgHRMj_6rustdb8analyzer14access_checkerNtB5_13AccessChecker15add_access_rule
FN:293,_RNvMs3_NtNtCs9nxHbwgHRMj_6rustdb8analyzer14access_checkerNtB5_13AccessChecker15check_statement
FN:379,_RNvMs3_NtNtCs9nxHbwgHRMj_6rustdb8analyzer14access_checkerNtB5_13AccessChecker16check_permission
FN:347,_RNvMs3_NtNtCs9nxHbwgHRMj_6rustdb8analyzer14access_checkerNtB5_13AccessChecker16grant_permission
FN:362,_RNvMs3_NtNtCs9nxHbwgHRMj_6rustdb8analyzer14access_checkerNtB5_13AccessChecker17revoke_permission
FN:519,_RNvMs3_NtNtCs9nxHbwgHRMj_6rustdb8analyzer14access_checkerNtB5_13AccessChecker18check_table_access
FN:468,_RNvMs3_NtNtCs9nxHbwgHRMj_6rustdb8analyzer14access_checkerNtB5_13AccessChecker19check_delete_access
FN:448,_RNvMs3_NtNtCs9nxHbwgHRMj_6rustdb8analyzer14access_checkerNtB5_13AccessChecker19check_insert_access
FN:416,_RNvMs3_NtNtCs9nxHbwgHRMj_6rustdb8analyzer14access_checkerNtB5_13AccessChecker19check_select_access
FN:458,_RNvMs3_NtNtCs9nxHbwgHRMj_6rustdb8analyzer14access_checkerNtB5_13AccessChecker19check_update_access
FN:509,_RNvMs3_NtNtCs9nxHbwgHRMj_6rustdb8analyzer14access_checkerNtB5_13AccessChecker23check_drop_table_access
FN:499,_RNvMs3_NtNtCs9nxHbwgHRMj_6rustdb8analyzer14access_checkerNtB5_13AccessChecker24check_alter_table_access
FN:478,_RNvMs3_NtNtCs9nxHbwgHRMj_6rustdb8analyzer14access_checkerNtB5_13AccessChecker25check_create_table_access
FN:262,_RNvMs3_NtNtCs9nxHbwgHRMj_6rustdb8analyzer14access_checkerNtB5_13AccessChecker3new
FN:337,_RNvMs3_NtNtCs9nxHbwgHRMj_6rustdb8analyzer14access_checkerNtB5_13AccessChecker8add_user
FN:286,_RNvMs3_NtNtCs9nxHbwgHRMj_6rustdb8analyzer14access_checkerNtB5_13AccessChecker8disabled
FN:569,_RNvMs3_NtNtCs9nxHbwgHRMj_6rustdb8analyzer14access_checkerNtB5_13AccessChecker8get_user
FN:94,_RNvMs_NtNtCs9nxHbwgHRMj_6rustdb8analyzer14access_checkerNtB4_10Permission6as_str
FN:183,_RNCNvMs1_NtNtCs9nxHbwgHRMj_6rustdb8analyzer14access_checkerNtB7_4User14has_permission0Bb_
FNDA:0,_RNCNvMs1_NtNtCsioRnW7FrYT6_6rustdb8analyzer14access_checkerNtB7_4User14has_permission0Bb_
FNDA:0,_RNvMNtNtCsioRnW7FrYT6_6rustdb8analyzer14access_checkerNtB2_17AccessCheckResult11add_warning
FNDA:0,_RNvMNtNtCsioRnW7FrYT6_6rustdb8analyzer14access_checkerNtB2_17AccessCheckResult3new
FNDA:0,_RNvMNtNtCsioRnW7FrYT6_6rustdb8analyzer14access_checkerNtB2_17AccessCheckResult9add_error
FNDA:0,_RNvMs0_NtNtCsioRnW7FrYT6_6rustdb8analyzer14access_checkerNtB5_4Role14has_permission
FNDA:0,_RNvMs0_NtNtCsioRnW7FrYT6_6rustdb8analyzer14access_checkerNtB5_4Role15with_permission
FNDA:164,_RNvMs0_NtNtCsioRnW7FrYT6_6rustdb8analyzer14access_checkerNtB5_4Role3new
FNDA:164,_RNvMs0_NtNtCsioRnW7FrYT6_6rustdb8analyzer14access_checkerNtB5_4Role5admin
FNDA:0,_RNvMs1_NtNtCsioRnW7FrYT6_6rustdb8analyzer14access_checkerNtB5_4User14has_permission
FNDA:164,_RNvMs1_NtNtCsioRnW7FrYT6_6rustdb8analyzer14access_checkerNtB5_4User3new
FNDA:0,_RNvMs1_NtNtCsioRnW7FrYT6_6rustdb8analyzer14access_checkerNtB5_4User8is_admin
FNDA:164,_RNvMs1_NtNtCsioRnW7FrYT6_6rustdb8analyzer14access_checkerNtB5_4User9with_role
FNDA:0,_RNvMs2_NtNtCsioRnW7FrYT6_6rustdb8analyzer14access_checkerNtB5_10AccessRule12grant_public
FNDA:0,_RNvMs2_NtNtCsioRnW7FrYT6_6rustdb8analyzer14access_checkerNtB5_10AccessRule13grant_to_user
FNDA:0,_RNvMs2_NtNtCsioRnW7FrYT6_6rustdb8analyzer14access_checkerNtB5_10AccessRule16check_permission
FNDA:0,_RNvMs2_NtNtCsioRnW7FrYT6_6rustdb8analyzer14access_checkerNtB5_10AccessRule3new
FNDA:0,_RNvMs3_NtNtCsioRnW7FrYT6_6rustdb8analyzer14access_checkerNtB5_13AccessChecker10is_enabled
FNDA:0,_RNvMs3_NtNtCsioRnW7FrYT6_6rustdb8analyzer14access_checkerNtB5_13AccessChecker10permissive
FNDA:0,_RNvMs3_NtNtCsioRnW7FrYT6_6rustdb8analyzer14access_checkerNtB5_13AccessChecker11set_enabled
FNDA:0,_RNvMs3_NtNtCsioRnW7FrYT6_6rustdb8analyzer14access_checkerNtB5_13AccessChecker15add_access_rule
FNDA:0,_RNvMs3_NtNtCsioRnW7FrYT6_6rustdb8analyzer14access_checkerNtB5_13AccessChecker15check_statement
FNDA:0,_RNvMs3_NtNtCsioRnW7FrYT6_6rustdb8analyzer14access_checkerNtB5_13AccessChecker15get_access_rule
FNDA:0,_RNvMs3_NtNtCsioRnW7FrYT6_6rustdb8analyzer14access_checkerNtB5_13AccessChecker16check_permission
FNDA:0,_RNvMs3_NtNtCsioRnW7FrYT6_6rustdb8analyzer14access_checkerNtB5_13AccessChecker16get_access_rules
FNDA:0,_RNvMs3_NtNtCsioRnW7FrYT6_6rustdb8analyzer14access_checkerNtB5_13AccessChecker16grant_permission
FNDA:0,_RNvMs3_NtNtCsioRnW7FrYT6_6rustdb8analyzer14access_checkerNtB5_13AccessChecker17revoke_permission
FNDA:0,_RNvMs3_NtNtCsioRnW7FrYT6_6rustdb8analyzer14access_checkerNtB5_13AccessChecker17set_default_allow
FNDA:0,_RNvMs3_NtNtCsioRnW7FrYT6_6rustdb8analyzer14access_checkerNtB5_13AccessChecker18check_table_access
FNDA:0,_RNvMs3_NtNtCsioRnW7FrYT6_6rustdb8analyzer14access_checkerNtB5_13AccessChecker19check_delete_access
FNDA:0,_RNvMs3_NtNtCsioRnW7FrYT6_6rustdb8analyzer14access_checkerNtB5_13AccessChecker19check_insert_access
FNDA:0,_RNvMs3_NtNtCsioRnW7FrYT6_6rustdb8analyzer14access_checkerNtB5_13AccessChecker19check_select_access
FNDA:0,_RNvMs3_NtNtCsioRnW7FrYT6_6rustdb8analyzer14access_checkerNtB5_13AccessChecker19check_update_access
FNDA:0,_RNvMs3_NtNtCsioRnW7FrYT6_6rustdb8analyzer14access_checkerNtB5_13AccessChecker23check_drop_table_access
FNDA:0,_RNvMs3_NtNtCsioRnW7FrYT6_6rustdb8analyzer14access_checkerNtB5_13AccessChecker24check_alter_table_access
FNDA:0,_RNvMs3_NtNtCsioRnW7FrYT6_6rustdb8analyzer14access_checkerNtB5_13AccessChecker25check_create_table_access
FNDA:164,_RNvMs3_NtNtCsioRnW7FrYT6_6rustdb8analyzer14access_checkerNtB5_13AccessChecker3new
FNDA:164,_RNvMs3_NtNtCsioRnW7FrYT6_6rustdb8analyzer14access_checkerNtB5_13AccessChecker8add_user
FNDA:0,_RNvMs3_NtNtCsioRnW7FrYT6_6rustdb8analyzer14access_checkerNtB5_13AccessChecker8disabled
FNDA:0,_RNvMs3_NtNtCsioRnW7FrYT6_6rustdb8analyzer14access_checkerNtB5_13AccessChecker8get_user
FNDA:0,_RNvMs3_NtNtCsioRnW7FrYT6_6rustdb8analyzer14access_checkerNtB5_13AccessChecker9get_users
FNDA:0,_RNvMs_NtNtCsioRnW7FrYT6_6rustdb8analyzer14access_checkerNtB4_10Permission6as_str
FNDA:0,_RNvXs4_NtNtCsioRnW7FrYT6_6rustdb8analyzer14access_checkerNtB5_13AccessCheckerNtNtCsixiwFwjEgS7_4core7default7Default7default
FNDA:0,_RNvMNtNtCs9nxHbwgHRMj_6rustdb8analyzer14access_checkerNtB2_17AccessCheckResult11add_warning
FNDA:0,_RNvMs3_NtNtCs9nxHbwgHRMj_6rustdb8analyzer14access_checkerNtB5_13AccessChecker11set_enabled
FNDA:0,_RNvMs3_NtNtCs9nxHbwgHRMj_6rustdb8analyzer14access_checkerNtB5_13AccessChecker15get_access_rule
FNDA:0,_RNvMs3_NtNtCs9nxHbwgHRMj_6rustdb8analyzer14access_checkerNtB5_13AccessChecker16get_access_rules
FNDA:0,_RNvMs3_NtNtCs9nxHbwgHRMj_6rustdb8analyzer14access_checkerNtB5_13AccessChecker17set_default_allow
FNDA:0,_RNvMs3_NtNtCs9nxHbwgHRMj_6rustdb8analyzer14access_checkerNtB5_13AccessChecker9get_users
FNDA:0,_RNvXs4_NtNtCs9nxHbwgHRMj_6rustdb8analyzer14access_checkerNtB5_13AccessCheckerNtNtCsixiwFwjEgS7_4core7default7Default7default
FNDA:1,_RNvNtNtNtCs9nxHbwgHRMj_6rustdb8analyzer14access_checker5testss_15test_admin_role
FNDA:1,_RNvNtNtNtCs9nxHbwgHRMj_6rustdb8analyzer14access_checker5testss_16test_access_rule
FNDA:1,_RNvNtNtNtCs9nxHbwgHRMj_6rustdb8analyzer14access_checker5testss_18test_role_creation
FNDA:1,_RNvNtNtNtCs9nxHbwgHRMj_6rustdb8analyzer14access_checker5testss_21test_disabled_checker
FNDA:1,_RNvNtNtNtCs9nxHbwgHRMj_6rustdb8analyzer14access_checker5testss_21test_user_permissions
FNDA:1,_RNvNtNtNtCs9nxHbwgHRMj_6rustdb8analyzer14access_checker5testss_22test_admin_permissions
FNDA:1,_RNvNtNtNtCs9nxHbwgHRMj_6rustdb8analyzer14access_checker5testss_28test_access_checker_creation
FNDA:1,_RNvNtNtNtCs9nxHbwgHRMj_6rustdb8analyzer14access_checker5testss_28test_permission_grant_revoke
FNDA:0,_RNvMNtNtCs9nxHbwgHRMj_6rustdb8analyzer14access_checkerNtB2_17AccessCheckResult3new
FNDA:0,_RNvMNtNtCs9nxHbwgHRMj_6rustdb8analyzer14access_checkerNtB2_17AccessCheckResult9add_error
FNDA:21,_RNvMs0_NtNtCs9nxHbwgHRMj_6rustdb8analyzer14access_checkerNtB5_4Role14has_permission
FNDA:9,_RNvMs0_NtNtCs9nxHbwgHRMj_6rustdb8analyzer14access_checkerNtB5_4Role15with_permission
FNDA:50,_RNvMs0_NtNtCs9nxHbwgHRMj_6rustdb8analyzer14access_checkerNtB5_4Role3new
FNDA:45,_RNvMs0_NtNtCs9nxHbwgHRMj_6rustdb8analyzer14access_checkerNtB5_4Role5admin
FNDA:9,_RNvMs1_NtNtCs9nxHbwgHRMj_6rustdb8analyzer14access_checkerNtB5_4User14has_permission
FNDA:46,_RNvMs1_NtNtCs9nxHbwgHRMj_6rustdb8analyzer14access_checkerNtB5_4User3new
FNDA:13,_RNvMs1_NtNtCs9nxHbwgHRMj_6rustdb8analyzer14access_checkerNtB5_4User8is_admin
FNDA:46,_RNvMs1_NtNtCs9nxHbwgHRMj_6rustdb8analyzer14access_checkerNtB5_4User9with_role
FNDA:1,_RNvMs2_NtNtCs9nxHbwgHRMj_6rustdb8analyzer14access_checkerNtB5_10AccessRule12grant_public
FNDA:3,_RNvMs2_NtNtCs9nxHbwgHRMj_6rustdb8analyzer14access_checkerNtB5_10AccessRule13grant_to_user
FNDA:7,_RNvMs2_NtNtCs9nxHbwgHRMj_6rustdb8analyzer14access_checkerNtB5_10AccessRule16check_permission
FNDA:3,_RNvMs2_NtNtCs9nxHbwgHRMj_6rustdb8analyzer14access_checkerNtB5_10AccessRule3new
FNDA:2,_RNvMs3_NtNtCs9nxHbwgHRMj_6rustdb8analyzer14access_checkerNtB5_13AccessChecker10is_enabled
FNDA:1,_RNvMs3_NtNtCs9nxHbwgHRMj_6rustdb8analyzer14access_checkerNtB5_13AccessChecker10permissive
FNDA:2,_RNvMs3_NtNtCs9nxHbwgHRMj_6rustdb8analyzer14access_checkerNtB5_13AccessChecker15add_access_rule
FNDA:0,_RNvMs3_NtNtCs9nxHbwgHRMj_6rustdb8analyzer14access_checkerNtB5_13AccessChecker15check_statement
FNDA:18,_RNvMs3_NtNtCs9nxHbwgHRMj_6rustdb8analyzer14access_checkerNtB5_13AccessChecker16check_permission
FNDA:2,_RNvMs3_NtNtCs9nxHbwgHRMj_6rustdb8analyzer14access_checkerNtB5_13AccessChecker16grant_permission
FNDA:2,_RNvMs3_NtNtCs9nxHbwgHRMj_6rustdb8analyzer14access_checkerNtB5_13AccessChecker17revoke_permission
FNDA:0,_RNvMs3_NtNtCs9nxHbwgHRMj_6rustdb8analyzer14access_checkerNtB5_13AccessChecker18check_table_access
FNDA:0,_RNvMs3_NtNtCs9nxHbwgHRMj_6rustdb8analyzer14access_checkerNtB5_13AccessChecker19check_delete_access
FNDA:0,_RNvMs3_NtNtCs9nxHbwgHRMj_6rustdb8analyzer14access_checkerNtB5_13AccessChecker19check_insert_access
FNDA:0,_RNvMs3_NtNtCs9nxHbwgHRMj_6rustdb8analyzer14access_checkerNtB5_13AccessChecker19check_select_access
FNDA:0,_RNvMs3_NtNtCs9nxHbwgHRMj_6rustdb8analyzer14access_checkerNtB5_13AccessChecker19check_update_access
FNDA:0,_RNvMs3_NtNtCs9nxHbwgHRMj_6rustdb8analyzer14access_checkerNtB5_13AccessChecker23check_drop_table_access
FNDA:0,_RNvMs3_NtNtCs9nxHbwgHRMj_6rustdb8analyzer14access_checkerNtB5_13AccessChecker24check_alter_table_access
FNDA:0,_RNvMs3_NtNtCs9nxHbwgHRMj_6rustdb8analyzer14access_checkerNtB5_13AccessChecker25check_create_table_access
FNDA:43,_RNvMs3_NtNtCs9nxHbwgHRMj_6rustdb8analyzer14access_checkerNtB5_13AccessChecker3new
FNDA:44,_RNvMs3_NtNtCs9nxHbwgHRMj_6rustdb8analyzer14access_checkerNtB5_13AccessChecker8add_user
FNDA:2,_RNvMs3_NtNtCs9nxHbwgHRMj_6rustdb8analyzer14access_checkerNtB5_13AccessChecker8disabled
FNDA:3,_RNvMs3_NtNtCs9nxHbwgHRMj_6rustdb8analyzer14access_checkerNtB5_13AccessChecker8get_user
FNDA:4,_RNvMs_NtNtCs9nxHbwgHRMj_6rustdb8analyzer14access_checkerNtB4_10Permission6as_str
FNDA:9,_RNCNvMs1_NtNtCs9nxHbwgHRMj_6rustdb8analyzer14access_checkerNtB7_4User14has_permission0Bb_
FNF:50
FNH:32
DA:22,0
DA:23,0
DA:24,0
DA:25,0
DA:26,0
DA:27,0
DA:28,0
DA:29,0
DA:31,0
DA:32,0
DA:33,0
DA:34,0
DA:36,0
DA:37,0
DA:38,0
DA:94,4
DA:95,4
DA:96,1
DA:97,1
DA:98,0
DA:99,0
DA:100,1
DA:101,0
DA:102,0
DA:103,0
DA:104,0
DA:105,1
DA:107,4
DA:119,214
DA:120,214
DA:121,214
DA:122,214
DA:123,214
DA:124,214
DA:125,214
DA:127,209
DA:128,209
DA:129,209
DA:131,209
DA:132,209
DA:133,209
DA:134,209
DA:135,209
DA:136,209
DA:137,209
DA:138,209
DA:139,209
DA:140,209
DA:141,209
DA:142,209
DA:144,9
DA:145,9
DA:146,9
DA:147,9
DA:149,21
DA:150,21
DA:151,21
DA:163,210
DA:164,210
DA:165,210
DA:166,210
DA:167,210
DA:168,210
DA:169,210
DA:171,210
DA:172,210
DA:173,210
DA:174,210
DA:176,9
DA:177,9
DA:178,0
DA:179,9
DA:181,9
DA:182,9
DA:183,9
DA:184,9
DA:186,13
DA:187,13
DA:188,13
DA:201,3
DA:202,3
DA:203,3
DA:204,3
DA:205,3
DA:206,3
DA:207,3
DA:208,3
DA:210,3
DA:211,3
DA:212,3
DA:213,3
DA:214,3
DA:215,3
DA:216,3
DA:218,1
DA:219,1
DA:220,1
DA:221,1
DA:223,7
DA:225,7
DA:226,2
DA:227,5
DA:230,5
DA:231,3
DA:232,2
DA:234,2
DA:235,7
DA:262,207
DA:263,207
DA:264,207
DA:265,207
DA:266,207
DA:267,207
DA:268,207
DA:271,207
DA:272,207
DA:273,207
DA:275,207
DA:276,207
DA:279,1
DA:280,1
DA:281,1
DA:282,1
DA:283,1
DA:286,2
DA:287,2
DA:288,2
DA:289,2
DA:290,2
DA:293,0
DA:294,0
DA:295,0
DA:296,0
DA:297,0
DA:298,0
DA:300,0
DA:301,0
DA:302,0
DA:304,0
DA:306,0
DA:307,0
DA:308,0
DA:310,0
DA:311,0
DA:313,0
DA:314,0
DA:316,0
DA:317,0
DA:319,0
DA:320,0
DA:322,0
DA:323,0
DA:325,0
DA:326,0
DA:328,0
DA:329,0
DA:330,0
DA:333,0
DA:334,0
DA:337,208
DA:338,208
DA:339,208
DA:342,2
DA:343,2
DA:344,2
DA:347,2
DA:348,2
DA:349,0
DA:350,0
DA:351,0
DA:352,0
DA:353,2
DA:354,2
DA:355,2
DA:356,2
DA:357,2
DA:358,2
DA:359,2
DA:362,2
DA:363,2
DA:364,2
DA:365,2
DA:366,2
DA:367,2
DA:368,2
DA:369,2
DA:370,2
DA:371,2
DA:372,2
DA:373,2
DA:374,0
DA:375,0
DA:376,2
DA:379,18
DA:380,18
DA:381,18
DA:382,18
DA:383,18
DA:384,18
DA:386,18
DA:387,3
DA:388,15
DA:391,15
DA:393,10
DA:394,7
DA:395,3
DA:398,3
DA:399,2
DA:400,1
DA:401,5
DA:404,6
DA:405,4
DA:406,2
DA:407,2
DA:408,2
DA:411,4
DA:412,18
DA:416,0
DA:417,0
DA:418,0
DA:419,0
DA:420,0
DA:421,0
DA:422,0
DA:425,0
DA:426,0
DA:427,0
DA:430,0
DA:433,0
DA:436,0
DA:437,0
DA:438,0
DA:439,0
DA:441,0
DA:443,0
DA:445,0
DA:446,0
DA:448,0
DA:449,0
DA:450,0
DA:451,0
DA:452,0
DA:453,0
DA:454,0
DA:455,0
DA:456,0
DA:458,0
DA:459,0
DA:460,0
DA:461,0
DA:462,0
DA:463,0
DA:464,0
DA:465,0
DA:466,0
DA:468,0
DA:469,0
DA:470,0
DA:471,0
DA:472,0
DA:473,0
DA:474,0
DA:475,0
DA:476,0
DA:478,0
DA:479,0
DA:480,0
DA:481,0
DA:482,0
DA:483,0
DA:484,0
DA:486,0
DA:487,0
DA:488,0
DA:489,0
DA:490,0
DA:491,0
DA:492,0
DA:493,0
DA:494,0
DA:496,0
DA:497,0
DA:499,0
DA:500,0
DA:501,0
DA:502,0
DA:503,0
DA:504,0
DA:505,0
DA:506,0
DA:507,0
DA:509,0
DA:510,0
DA:511,0
DA:512,0
DA:513,0
DA:514,0
DA:515,0
DA:516,0
DA:517,0
DA:519,0
DA:520,0
DA:521,0
DA:522,0
DA:523,0
DA:524,0
DA:525,0
DA:526,0
DA:527,0
DA:528,0
DA:529,0
DA:530,0
DA:531,0
DA:532,0
DA:533,0
DA:534,0
DA:535,0
DA:536,0
DA:537,0
DA:538,0
DA:539,0
DA:540,0
DA:541,0
DA:542,0
DA:543,0
DA:545,0
DA:546,0
DA:549,0
DA:550,0
DA:551,0
DA:554,2
DA:555,2
DA:556,2
DA:559,0
DA:560,0
DA:561,0
DA:564,0
DA:565,0
DA:566,0
DA:569,3
DA:570,3
DA:571,3
DA:574,0
DA:575,0
DA:576,0
DA:579,0
DA:580,0
DA:581,0
DA:585,0
DA:586,0
DA:587,0
DA:595,1
DA:596,1
DA:597,1
DA:598,1
DA:600,1
DA:601,1
DA:602,1
DA:603,1
DA:604,1
DA:605,1
DA:608,1
DA:609,1
DA:611,1
DA:612,1
DA:613,1
DA:614,1
DA:615,1
DA:618,1
DA:619,1
DA:621,1
DA:623,1
DA:624,1
DA:625,1
DA:626,1
DA:629,1
DA:630,1
DA:631,1
DA:632,1
DA:634,1
DA:635,1
DA:636,1
DA:637,1
DA:640,1
DA:641,1
DA:643,1
DA:644,1
DA:645,1
DA:646,1
DA:649,1
DA:650,1
DA:653,1
DA:654,1
DA:657,1
DA:658,1
DA:659,1
DA:662,1
DA:663,1
DA:666,1
DA:667,1
DA:668,1
DA:669,1
DA:672,1
DA:673,1
DA:675,1
DA:677,1
DA:678,1
BRF:0
BRH:0
LF:408
LH:222
end_of_record
SF:C:\Users\Admin\RustProjects\RustBD\src\analyzer\metadata_cache.rs
FN:436,_RNCNvMs1_NtNtCsioRnW7FrYT6_6rustdb8analyzer14metadata_cacheNtB7_13MetadataCache10evict_fifo0Bb_
FN:449,_RNCNvMs1_NtNtCsioRnW7FrYT6_6rustdb8analyzer14metadata_cacheNtB7_13MetadataCache13evict_expired0Bb_
FN:450,_RNCNvMs1_NtNtCsioRnW7FrYT6_6rustdb8analyzer14metadata_cacheNtB7_13MetadataCache13evict_expireds_0Bb_
FN:463,_RNCNvMs1_NtNtCsioRnW7FrYT6_6rustdb8analyzer14metadata_cacheNtB7_13MetadataCache17update_statistics0Bb_
FN:423,_RNCNvMs1_NtNtCsioRnW7FrYT6_6rustdb8analyzer14metadata_cacheNtB7_13MetadataCache9evict_lfu0Bb_
FN:410,_RNCNvMs1_NtNtCsioRnW7FrYT6_6rustdb8analyzer14metadata_cacheNtB7_13MetadataCache9evict_lru0Bb_
FN:41,_RNvMNtNtCsioRnW7FrYT6_6rustdb8analyzer14metadata_cacheNtB2_10CacheEntry10is_expired
FN:25,_RNvMNtNtCsioRnW7FrYT6_6rustdb8analyzer14metadata_cacheNtB2_10CacheEntry3new
FN:50,_RNvMNtNtCsioRnW7FrYT6_6rustdb8analyzer14metadata_cacheNtB2_10CacheEntry6access
FN:55,_RNvMNtNtCsioRnW7FrYT6_6rustdb8analyzer14metadata_cacheNtB2_10CacheEntry6age_ms
FN:36,_RNvMNtNtCsioRnW7FrYT6_6rustdb8analyzer14metadata_cacheNtB2_10CacheEntry8with_ttl
FN:432,_RNvMs1_NtNtCsioRnW7FrYT6_6rustdb8analyzer14metadata_cacheNtB5_13MetadataCache10evict_fifo
FN:379,_RNvMs1_NtNtCsioRnW7FrYT6_6rustdb8analyzer14metadata_cacheNtB5_13MetadataCache10is_enabled
FN:357,_RNvMs1_NtNtCsioRnW7FrYT6_6rustdb8analyzer14metadata_cacheNtB5_13MetadataCache10statistics
FN:371,_RNvMs1_NtNtCsioRnW7FrYT6_6rustdb8analyzer14metadata_cacheNtB5_13MetadataCache11set_enabled
FN:285,_RNvMs1_NtNtCsioRnW7FrYT6_6rustdb8analyzer14metadata_cacheNtB5_13MetadataCache12put_with_ttl
FN:395,_RNvMs1_NtNtCsioRnW7FrYT6_6rustdb8analyzer14metadata_cacheNtB5_13MetadataCache13evict_entries
FN:445,_RNvMs1_NtNtCsioRnW7FrYT6_6rustdb8analyzer14metadata_cacheNtB5_13MetadataCache13evict_expired
FN:222,_RNvMs1_NtNtCsioRnW7FrYT6_6rustdb8analyzer14metadata_cacheNtB5_13MetadataCache13with_settings
FN:491,_RNvMs1_NtNtCsioRnW7FrYT6_6rustdb8analyzer14metadata_cacheNtB5_13MetadataCache14get_table_info
FN:564,_RNvMs1_NtNtCsioRnW7FrYT6_6rustdb8analyzer14metadata_cacheNtB5_13MetadataCache14get_type_check
FN:532,_RNvMs1_NtNtCsioRnW7FrYT6_6rustdb8analyzer14metadata_cacheNtB5_13MetadataCache15get_column_info
FN:384,_RNvMs1_NtNtCsioRnW7FrYT6_6rustdb8analyzer14metadata_cacheNtB5_13MetadataCache15update_settings
FN:473,_RNvMs1_NtNtCsioRnW7FrYT6_6rustdb8analyzer14metadata_cacheNtB5_13MetadataCache16cache_table_info
FN:553,_RNvMs1_NtNtCsioRnW7FrYT6_6rustdb8analyzer14metadata_cacheNtB5_13MetadataCache16cache_type_check
FN:510,_RNvMs1_NtNtCsioRnW7FrYT6_6rustdb8analyzer14metadata_cacheNtB5_13MetadataCache17cache_column_info
FN:458,_RNvMs1_NtNtCsioRnW7FrYT6_6rustdb8analyzer14metadata_cacheNtB5_13MetadataCache17update_statistics
FN:365,_RNvMs1_NtNtCsioRnW7FrYT6_6rustdb8analyzer14metadata_cacheNtB5_13MetadataCache19detailed_statistics
FN:233,_RNvMs1_NtNtCsioRnW7FrYT6_6rustdb8analyzer14metadata_cacheNtB5_13MetadataCache3get
FN:211,_RNvMs1_NtNtCsioRnW7FrYT6_6rustdb8analyzer14metadata_cacheNtB5_13MetadataCache3new
FN:263,_RNvMs1_NtNtCsioRnW7FrYT6_6rustdb8analyzer14metadata_cacheNtB5_13MetadataCache3put
FN:325,_RNvMs1_NtNtCsioRnW7FrYT6_6rustdb8analyzer14metadata_cacheNtB5_13MetadataCache5clear
FN:302,_RNvMs1_NtNtCsioRnW7FrYT6_6rustdb8analyzer14metadata_cacheNtB5_13MetadataCache6remove
FN:331,_RNvMs1_NtNtCsioRnW7FrYT6_6rustdb8analyzer14metadata_cacheNtB5_13MetadataCache7cleanup
FN:312,_RNvMs1_NtNtCsioRnW7FrYT6_6rustdb8analyzer14metadata_cacheNtB5_13MetadataCache8contains
FN:389,_RNvMs1_NtNtCsioRnW7FrYT6_6rustdb8analyzer14metadata_cacheNtB5_13MetadataCache8settings
FN:419,_RNvMs1_NtNtCsioRnW7FrYT6_6rustdb8analyzer14metadata_cacheNtB5_13MetadataCache9evict_lfu
FN:406,_RNvMs1_NtNtCsioRnW7FrYT6_6rustdb8analyzer14metadata_cacheNtB5_13MetadataCache9evict_lru
FN:130,_RNvMs_NtNtCsioRnW7FrYT6_6rustdb8analyzer14metadata_cacheNtB4_15CacheStatistics3new
FN:141,_RNvMs_NtNtCsioRnW7FrYT6_6rustdb8analyzer14metadata_cacheNtB4_15CacheStatistics8hit_rate
FN:150,_RNvMs_NtNtCsioRnW7FrYT6_6rustdb8analyzer14metadata_cacheNtB4_15CacheStatistics9miss_rate
FN:586,_RNvNtNtCsioRnW7FrYT6_6rustdb8analyzer14metadata_cache20current_timestamp_ms
FN:184,_RNvXs0_NtNtCsioRnW7FrYT6_6rustdb8analyzer14metadata_cacheNtB5_13CacheSettingsNtNtCsixiwFwjEgS7_4core7default7Default7default
FN:580,_RNvXs2_NtNtCsioRnW7FrYT6_6rustdb8analyzer14metadata_cacheNtB5_13MetadataCacheNtNtCsixiwFwjEgS7_4core7default7Default7default
FN:55,_RNvMNtNtCs9nxHbwgHRMj_6rustdb8analyzer14metadata_cacheNtB2_10CacheEntry6age_ms
FN:285,_RNvMs1_NtNtCs9nxHbwgHRMj_6rustdb8analyzer14metadata_cacheNtB5_13MetadataCache12put_with_ttl
FN:384,_RNvMs1_NtNtCs9nxHbwgHRMj_6rustdb8analyzer14metadata_cacheNtB5_13MetadataCache15update_settings
FN:365,_RNvMs1_NtNtCs9nxHbwgHRMj_6rustdb8analyzer14metadata_cacheNtB5_13MetadataCache19detailed_statistics
FN:389,_RNvMs1_NtNtCs9nxHbwgHRMj_6rustdb8analyzer14metadata_cacheNtB5_13MetadataCache8settings
FN:141,_RNvMs_NtNtCs9nxHbwgHRMj_6rustdb8analyzer14metadata_cacheNtB4_15CacheStatistics8hit_rate
FN:150,_RNvMs_NtNtCs9nxHbwgHRMj_6rustdb8analyzer14metadata_cacheNtB4_15CacheStatistics9miss_rate
FN:580,_RNvXs2_NtNtCs9nxHbwgHRMj_6rustdb8analyzer14metadata_cacheNtB5_13MetadataCacheNtNtCsixiwFwjEgS7_4core7default7Default7default
FN:696,_RNvNtNtNtCs9nxHbwgHRMj_6rustdb8analyzer14metadata_cache5testss_18test_cache_cleanup
FN:677,_RNvNtNtNtCs9nxHbwgHRMj_6rustdb8analyzer14metadata_cache5testss_19test_disabled_cache
FN:652,_RNvNtNtNtCs9nxHbwgHRMj_6rustdb8analyzer14metadata_cache5testss_21test_cache_statistics
FN:728,_RNvNtNtNtCs9nxHbwgHRMj_6rustdb8analyzer14metadata_cache5testss_24test_convenience_methods
FN:598,_RNvNtNtNtCs9nxHbwgHRMj_6rustdb8analyzer14metadata_cache5testss_25test_cache_entry_creation
FN:612,_RNvNtNtNtCs9nxHbwgHRMj_6rustdb8analyzer14metadata_cache5testss_25test_cache_entry_with_ttl
FN:628,_RNvNtNtNtCs9nxHbwgHRMj_6rustdb8analyzer14metadata_cache5testss_36test_metadata_cache_basic_operations
FN:41,_RNvMNtNtCs9nxHbwgHRMj_6rustdb8analyzer14metadata_cacheNtB2_10CacheEntry10is_expired
FN:25,_RNvMNtNtCs9nxHbwgHRMj_6rustdb8analyzer14metadata_cacheNtB2_10CacheEntry3new
FN:50,_RNvMNtNtCs9nxHbwgHRMj_6rustdb8analyzer14metadata_cacheNtB2_10CacheEntry6access
FN:36,_RNvMNtNtCs9nxHbwgHRMj_6rustdb8analyzer14metadata_cacheNtB2_10CacheEntry8with_ttl
FN:432,_RNvMs1_NtNtCs9nxHbwgHRMj_6rustdb8analyzer14metadata_cacheNtB5_13MetadataCache10evict_fifo
FN:379,_RNvMs1_NtNtCs9nxHbwgHRMj_6rustdb8analyzer14metadata_cacheNtB5_13MetadataCache10is_enabled
FN:357,_RNvMs1_NtNtCs9nxHbwgHRMj_6rustdb8analyzer14metadata_cacheNtB5_13MetadataCache10statistics
FN:371,_RNvMs1_NtNtCs9nxHbwgHRMj_6rustdb8analyzer14metadata_cacheNtB5_13MetadataCache11set_enabled
FN:395,_RNvMs1_NtNtCs9nxHbwgHRMj_6rustdb8analyzer14metadata_cacheNtB5_13MetadataCache13evict_entries
FN:445,_RNvMs1_NtNtCs9nxHbwgHRMj_6rustdb8analyzer14metadata_cacheNtB5_13MetadataCache13evict_expired
FN:222,_RNvMs1_NtNtCs9nxHbwgHRMj_6rustdb8analyzer14metadata_cacheNtB5_13MetadataCache13with_settings
FN:491,_RNvMs1_NtNtCs9nxHbwgHRMj_6rustdb8analyzer14metadata_cacheNtB5_13MetadataCache14get_table_info
FN:564,_RNvMs1_NtNtCs9nxHbwgHRMj_6rustdb8analyzer14metadata_cacheNtB5_13MetadataCache14get_type_check
FN:532,_RNvMs1_NtNtCs9nxHbwgHRMj_6rustdb8analyzer14metadata_cacheNtB5_13MetadataCache15get_column_info
FN:473,_RNvMs1_NtNtCs9nxHbwgHRMj_6rustdb8analyzer14metadata_cacheNtB5_13MetadataCache16cache_table_info
FN:553,_RNvMs1_NtNtCs9nxHbwgHRMj_6rustdb8analyzer14metadata_cacheNtB5_13MetadataCache16cache_type_check
FN:510,_RNvMs1_NtNtCs9nxHbwgHRMj_6rustdb8analyzer14metadata_cacheNtB5_13MetadataCache17cache_column_info
FN:458,_RNvMs1_NtNtCs9nxHbwgHRMj_6rustdb8analyzer14metadata_cacheNtB5_13MetadataCache17update_statistics
FN:233,_RNvMs1_NtNtCs9nxHbwgHRMj_6rustdb8analyzer14metadata_cacheNtB5_13MetadataCache3get
FN:211,_RNvMs1_NtNtCs9nxHbwgHRMj_6rustdb8analyzer14metadata_cacheNtB5_13MetadataCache3new
FN:263,_RNvMs1_NtNtCs9nxHbwgHRMj_6rustdb8analyzer14metadata_cacheNtB5_13MetadataCache3put
FN:325,_RNvMs1_NtNtCs9nxHbwgHRMj_6rustdb8analyzer14metadata_cacheNtB5_13MetadataCache5clear
FN:302,_RNvMs1_NtNtCs9nxHbwgHRMj_6rustdb8analyzer14metadata_cacheNtB5_13MetadataCache6remove
FN:331,_RNvMs1_NtNtCs9nxHbwgHRMj_6rustdb8analyzer14metadata_cacheNtB5_13MetadataCache7cleanup
FN:312,_RNvMs1_NtNtCs9nxHbwgHRMj_6rustdb8analyzer14metadata_cacheNtB5_13MetadataCache8contains
FN:419,_RNvMs1_NtNtCs9nxHbwgHRMj_6rustdb8analyzer14metadata_cacheNtB5_13MetadataCache9evict_lfu
FN:406,_RNvMs1_NtNtCs9nxHbwgHRMj_6rustdb8analyzer14metadata_cacheNtB5_13MetadataCache9evict_lru
FN:130,_RNvMs_NtNtCs9nxHbwgHRMj_6rustdb8analyzer14metadata_cacheNtB4_15CacheStatistics3new
FN:586,_RNvNtNtCs9nxHbwgHRMj_6rustdb8analyzer14metadata_cache20current_timestamp_ms
FN:184,_RNvXs0_NtNtCs9nxHbwgHRMj_6rustdb8analyzer14metadata_cacheNtB5_13CacheSettingsNtNtCsixiwFwjEgS7_4core7default7Default7default
FN:436,_RNCNvMs1_NtNtCs9nxHbwgHRMj_6rustdb8analyzer14metadata_cacheNtB7_13MetadataCache10evict_fifo0Bb_
FN:449,_RNCNvMs1_NtNtCs9nxHbwgHRMj_6rustdb8analyzer14metadata_cacheNtB7_13MetadataCache13evict_expired0Bb_
FN:450,_RNCNvMs1_NtNtCs9nxHbwgHRMj_6rustdb8analyzer14metadata_cacheNtB7_13MetadataCache13evict_expireds_0Bb_
FN:463,_RNCNvMs1_NtNtCs9nxHbwgHRMj_6rustdb8analyzer14metadata_cacheNtB7_13MetadataCache17update_statistics0Bb_
FN:423,_RNCNvMs1_NtNtCs9nxHbwgHRMj_6rustdb8analyzer14metadata_cacheNtB7_13MetadataCache9evict_lfu0Bb_
FN:410,_RNCNvMs1_NtNtCs9nxHbwgHRMj_6rustdb8analyzer14metadata_cacheNtB7_13MetadataCache9evict_lru0Bb_
FNDA:0,_RNCNvMs1_NtNtCsioRnW7FrYT6_6rustdb8analyzer14metadata_cacheNtB7_13MetadataCache10evict_fifo0Bb_
FNDA:0,_RNCNvMs1_NtNtCsioRnW7FrYT6_6rustdb8analyzer14metadata_cacheNtB7_13MetadataCache13evict_expired0Bb_
FNDA:0,_RNCNvMs1_NtNtCsioRnW7FrYT6_6rustdb8analyzer14metadata_cacheNtB7_13MetadataCache13evict_expireds_0Bb_
FNDA:0,_RNCNvMs1_NtNtCsioRnW7FrYT6_6rustdb8analyzer14metadata_cacheNtB7_13MetadataCache17update_statistics0Bb_
FNDA:0,_RNCNvMs1_NtNtCsioRnW7FrYT6_6rustdb8analyzer14metadata_cacheNtB7_13MetadataCache9evict_lfu0Bb_
FNDA:0,_RNCNvMs1_NtNtCsioRnW7FrYT6_6rustdb8analyzer14metadata_cacheNtB7_13MetadataCache9evict_lru0Bb_
FNDA:0,_RNvMNtNtCsioRnW7FrYT6_6rustdb8analyzer14metadata_cacheNtB2_10CacheEntry10is_expired
FNDA:0,_RNvMNtNtCsioRnW7FrYT6_6rustdb8analyzer14metadata_cacheNtB2_10CacheEntry3new
FNDA:0,_RNvMNtNtCsioRnW7FrYT6_6rustdb8analyzer14metadata_cacheNtB2_10CacheEntry6access
FNDA:0,_RNvMNtNtCsioRnW7FrYT6_6rustdb8analyzer14metadata_cacheNtB2_10CacheEntry6age_ms
FNDA:0,_RNvMNtNtCsioRnW7FrYT6_6rustdb8analyzer14metadata_cacheNtB2_10CacheEntry8with_ttl
FNDA:0,_RNvMs1_NtNtCsioRnW7FrYT6_6rustdb8analyzer14metadata_cacheNtB5_13MetadataCache10evict_fifo
FNDA:0,_RNvMs1_NtNtCsioRnW7FrYT6_6rustdb8analyzer14metadata_cacheNtB5_13MetadataCache10is_enabled
FNDA:0,_RNvMs1_NtNtCsioRnW7FrYT6_6rustdb8analyzer14metadata_cacheNtB5_13MetadataCache10statistics
FNDA:0,_RNvMs1_NtNtCsioRnW7FrYT6_6rustdb8analyzer14metadata_cacheNtB5_13MetadataCache11set_enabled
FNDA:0,_RNvMs1_NtNtCsioRnW7FrYT6_6rustdb8analyzer14metadata_cacheNtB5_13MetadataCache12put_with_ttl
FNDA:0,_RNvMs1_NtNtCsioRnW7FrYT6_6rustdb8analyzer14metadata_cacheNtB5_13MetadataCache13evict_entries
FNDA:0,_RNvMs1_NtNtCsioRnW7FrYT6_6rustdb8analyzer14metadata_cacheNtB5_13MetadataCache13evict_expired
FNDA:0,_RNvMs1_NtNtCsioRnW7FrYT6_6rustdb8analyzer14metadata_cacheNtB5_13MetadataCache13with_settings
FNDA:0,_RNvMs1_NtNtCsioRnW7FrYT6_6rustdb8analyzer14metadata_cacheNtB5_13MetadataCache14get_table_info
FNDA:0,_RNvMs1_NtNtCsioRnW7FrYT6_6rustdb8analyzer14metadata_cacheNtB5_13MetadataCache14get_type_check
FNDA:0,_RNvMs1_NtNtCsioRnW7FrYT6_6rustdb8analyzer14metadata_cacheNtB5_13MetadataCache15get_column_info
FNDA:0,_RNvMs1_NtNtCsioRnW7FrYT6_6rustdb8analyzer14metadata_cacheNtB5_13MetadataCache15update_settings
FNDA:0,_RNvMs1_NtNtCsioRnW7FrYT6_6rustdb8analyzer14metadata_cacheNtB5_13MetadataCache16cache_table_info
FNDA:0,_RNvMs1_NtNtCsioRnW7FrYT6_6rustdb8analyzer14metadata_cacheNtB5_13MetadataCache16cache_type_check
FNDA:0,_RNvMs1_NtNtCsioRnW7FrYT6_6rustdb8analyzer14metadata_cacheNtB5_13MetadataCache17cache_column_info
FNDA:0,_RNvMs1_NtNtCsioRnW7FrYT6_6rustdb8analyzer14metadata_cacheNtB5_13MetadataCache17update_statistics
FNDA:0,_RNvMs1_NtNtCsioRnW7FrYT6_6rustdb8analyzer14metadata_cacheNtB5_13MetadataCache19detailed_statistics
FNDA:0,_RNvMs1_NtNtCsioRnW7FrYT6_6rustdb8analyzer14metadata_cacheNtB5_13MetadataCache3get
FNDA:164,_RNvMs1_NtNtCsioRnW7FrYT6_6rustdb8analyzer14metadata_cacheNtB5_13MetadataCache3new
FNDA:0,_RNvMs1_NtNtCsioRnW7FrYT6_6rustdb8analyzer14metadata_cacheNtB5_13MetadataCache3put
FNDA:0,_RNvMs1_NtNtCsioRnW7FrYT6_6rustdb8analyzer14metadata_cacheNtB5_13MetadataCache5clear
FNDA:0,_RNvMs1_NtNtCsioRnW7FrYT6_6rustdb8analyzer14metadata_cacheNtB5_13MetadataCache6remove
FNDA:0,_RNvMs1_NtNtCsioRnW7FrYT6_6rustdb8analyzer14metadata_cacheNtB5_13MetadataCache7cleanup
FNDA:0,_RNvMs1_NtNtCsioRnW7FrYT6_6rustdb8analyzer14metadata_cacheNtB5_13MetadataCache8contains
FNDA:0,_RNvMs1_NtNtCsioRnW7FrYT6_6rustdb8analyzer14metadata_cacheNtB5_13MetadataCache8settings
FNDA:0,_RNvMs1_NtNtCsioRnW7FrYT6_6rustdb8analyzer14metadata_cacheNtB5_13MetadataCache9evict_lfu
FNDA:0,_RNvMs1_NtNtCsioRnW7FrYT6_6rustdb8analyzer14metadata_cacheNtB5_13MetadataCache9evict_lru
FNDA:164,_RNvMs_NtNtCsioRnW7FrYT6_6rustdb8analyzer14metadata_cacheNtB4_15CacheStatistics3new
FNDA:0,_RNvMs_NtNtCsioRnW7FrYT6_6rustdb8analyzer14metadata_cacheNtB4_15CacheStatistics8hit_rate
FNDA:0,_RNvMs_NtNtCsioRnW7FrYT6_6rustdb8analyzer14metadata_cacheNtB4_15CacheStatistics9miss_rate
FNDA:0,_RNvNtNtCsioRnW7FrYT6_6rustdb8analyzer14metadata_cache20current_timestamp_ms
FNDA:164,_RNvXs0_NtNtCsioRnW7FrYT6_6rustdb8analyzer14metadata_cacheNtB5_13CacheSettingsNtNtCsixiwFwjEgS7_4core7default7Default7default
FNDA:0,_RNvXs2_NtNtCsioRnW7FrYT6_6rustdb8analyzer14metadata_cacheNtB5_13MetadataCacheNtNtCsixiwFwjEgS7_4core7default7Default7default
FNDA:0,_RNvMNtNtCs9nxHbwgHRMj_6rustdb8analyzer14metadata_cacheNtB2_10CacheEntry6age_ms
FNDA:0,_RNvMs1_NtNtCs9nxHbwgHRMj_6rustdb8analyzer14metadata_cacheNtB5_13MetadataCache12put_with_ttl
FNDA:0,_RNvMs1_NtNtCs9nxHbwgHRMj_6rustdb8analyzer14metadata_cacheNtB5_13MetadataCache15update_settings
FNDA:0,_RNvMs1_NtNtCs9nxHbwgHRMj_6rustdb8analyzer14metadata_cacheNtB5_13MetadataCache19detailed_statistics
FNDA:0,_RNvMs1_NtNtCs9nxHbwgHRMj_6rustdb8analyzer14metadata_cacheNtB5_13MetadataCache8settings
FNDA:0,_RNvMs_NtNtCs9nxHbwgHRMj_6rustdb8analyzer14metadata_cacheNtB4_15CacheStatistics8hit_rate
FNDA:0,_RNvMs_NtNtCs9nxHbwgHRMj_6rustdb8analyzer14metadata_cacheNtB4_15CacheStatistics9miss_rate
FNDA:0,_RNvXs2_NtNtCs9nxHbwgHRMj_6rustdb8analyzer14metadata_cacheNtB5_13MetadataCacheNtNtCsixiwFwjEgS7_4core7default7Default7default
FNDA:1,_RNvNtNtNtCs9nxHbwgHRMj_6rustdb8analyzer14metadata_cache5testss_18test_cache_cleanup
FNDA:1,_RNvNtNtNtCs9nxHbwgHRMj_6rustdb8analyzer14metadata_cache5testss_19test_disabled_cache
FNDA:1,_RNvNtNtNtCs9nxHbwgHRMj_6rustdb8analyzer14metadata_cache5testss_21test_cache_statistics
FNDA:1,_RNvNtNtNtCs9nxHbwgHRMj_6rustdb8analyzer14metadata_cache5testss_24test_convenience_methods
FNDA:1,_RNvNtNtNtCs9nxHbwgHRMj_6rustdb8analyzer14metadata_cache5testss_25test_cache_entry_creation
FNDA:1,_RNvNtNtNtCs9nxHbwgHRMj_6rustdb8analyzer14metadata_cache5testss_25test_cache_entry_with_ttl
FNDA:1,_RNvNtNtNtCs9nxHbwgHRMj_6rustdb8analyzer14metadata_cache5testss_36test_metadata_cache_basic_operations
FNDA:31,_RNvMNtNtCs9nxHbwgHRMj_6rustdb8analyzer14metadata_cacheNtB2_10CacheEntry10is_expired
FNDA:15,_RNvMNtNtCs9nxHbwgHRMj_6rustdb8analyzer14metadata_cacheNtB2_10CacheEntry3new
FNDA:8,_RNvMNtNtCs9nxHbwgHRMj_6rustdb8analyzer14metadata_cacheNtB2_10CacheEntry6access
FNDA:14,_RNvMNtNtCs9nxHbwgHRMj_6rustdb8analyzer14metadata_cacheNtB2_10CacheEntry8with_ttl
FNDA:0,_RNvMs1_NtNtCs9nxHbwgHRMj_6rustdb8analyzer14metadata_cacheNtB5_13MetadataCache10evict_fifo
FNDA:4,_RNvMs1_NtNtCs9nxHbwgHRMj_6rustdb8analyzer14metadata_cacheNtB5_13MetadataCache10is_enabled
FNDA:5,_RNvMs1_NtNtCs9nxHbwgHRMj_6rustdb8analyzer14metadata_cacheNtB5_13MetadataCache10statistics
FNDA:2,_RNvMs1_NtNtCs9nxHbwgHRMj_6rustdb8analyzer14metadata_cacheNtB5_13MetadataCache11set_enabled
FNDA:0,_RNvMs1_NtNtCs9nxHbwgHRMj_6rustdb8analyzer14metadata_cacheNtB5_13MetadataCache13evict_entries
FNDA:0,_RNvMs1_NtNtCs9nxHbwgHRMj_6rustdb8analyzer14metadata_cacheNtB5_13MetadataCache13evict_expired
FNDA:2,_RNvMs1_NtNtCs9nxHbwgHRMj_6rustdb8analyzer14metadata_cacheNtB5_13MetadataCache13with_settings
FNDA:2,_RNvMs1_NtNtCs9nxHbwgHRMj_6rustdb8analyzer14metadata_cacheNtB5_13MetadataCache14get_table_info
FNDA:1,_RNvMs1_NtNtCs9nxHbwgHRMj_6rustdb8analyzer14metadata_cacheNtB5_13MetadataCache14get_type_check
FNDA:1,_RNvMs1_NtNtCs9nxHbwgHRMj_6rustdb8analyzer14metadata_cacheNtB5_13MetadataCache15get_column_info
FNDA:2,_RNvMs1_NtNtCs9nxHbwgHRMj_6rustdb8analyzer14metadata_cacheNtB5_13MetadataCache16cache_table_info
FNDA:1,_RNvMs1_NtNtCs9nxHbwgHRMj_6rustdb8analyzer14metadata_cacheNtB5_13MetadataCache16cache_type_check
FNDA:1,_RNvMs1_NtNtCs9nxHbwgHRMj_6rustdb8analyzer14metadata_cacheNtB5_13MetadataCache17cache_column_info
FNDA:17,_RNvMs1_NtNtCs9nxHbwgHRMj_6rustdb8analyzer14metadata_cacheNtB5_13MetadataCache17update_statistics
FNDA:12,_RNvMs1_NtNtCs9nxHbwgHRMj_6rustdb8analyzer14metadata_cacheNtB5_13MetadataCache3get
FNDA:46,_RNvMs1_NtNtCs9nxHbwgHRMj_6rustdb8analyzer14metadata_cacheNtB5_13MetadataCache3new
FNDA:16,_RNvMs1_NtNtCs9nxHbwgHRMj_6rustdb8analyzer14metadata_cacheNtB5_13MetadataCache3put
FNDA:3,_RNvMs1_NtNtCs9nxHbwgHRMj_6rustdb8analyzer14metadata_cacheNtB5_13MetadataCache5clear
FNDA:2,_RNvMs1_NtNtCs9nxHbwgHRMj_6rustdb8analyzer14metadata_cacheNtB5_13MetadataCache6remove
FNDA:2,_RNvMs1_NtNtCs9nxHbwgHRMj_6rustdb8analyzer14metadata_cacheNtB5_13MetadataCache7cleanup
FNDA:14,_RNvMs1_NtNtCs9nxHbwgHRMj_6rustdb8analyzer14metadata_cacheNtB5_13MetadataCache8contains
FNDA:0,_RNvMs1_NtNtCs9nxHbwgHRMj_6rustdb8analyzer14metadata_cacheNtB5_13MetadataCache9evict_lfu
FNDA:0,_RNvMs1_NtNtCs9nxHbwgHRMj_6rustdb8analyzer14metadata_cacheNtB5_13MetadataCache9evict_lru
FNDA:51,_RNvMs_NtNtCs9nxHbwgHRMj_6rustdb8analyzer14metadata_cacheNtB4_15CacheStatistics3new
FNDA:55,_RNvNtNtCs9nxHbwgHRMj_6rustdb8analyzer14metadata_cache20current_timestamp_ms
FNDA:46,_RNvXs0_NtNtCs9nxHbwgHRMj_6rustdb8analyzer14metadata_cacheNtB5_13CacheSettingsNtNtCsixiwFwjEgS7_4core7default7Default7default
FNDA:0,_RNCNvMs1_NtNtCs9nxHbwgHRMj_6rustdb8analyzer14metadata_cacheNtB7_13MetadataCache10evict_fifo0Bb_
FNDA:0,_RNCNvMs1_NtNtCs9nxHbwgHRMj_6rustdb8analyzer14metadata_cacheNtB7_13MetadataCache13evict_expired0Bb_
FNDA:0,_RNCNvMs1_NtNtCs9nxHbwgHRMj_6rustdb8analyzer14metadata_cacheNtB7_13MetadataCache13evict_expireds_0Bb_
FNDA:14,_RNCNvMs1_NtNtCs9nxHbwgHRMj_6rustdb8analyzer14metadata_cacheNtB7_13MetadataCache17update_statistics0Bb_
FNDA:0,_RNCNvMs1_NtNtCs9nxHbwgHRMj_6rustdb8analyzer14metadata_cacheNtB7_13MetadataCache9evict_lfu0Bb_
FNDA:0,_RNCNvMs1_NtNtCs9nxHbwgHRMj_6rustdb8analyzer14metadata_cacheNtB7_13MetadataCache9evict_lru0Bb_
FNF:51
FNH:33
DA:25,15
DA:26,15
DA:27,15
DA:28,15
DA:29,15
DA:30,15
DA:31,15
DA:32,15
DA:33,15
DA:34,15
DA:36,14
DA:37,14
DA:38,14
DA:39,14
DA:41,31
DA:42,31
DA:43,30
DA:44,30
DA:46,1
DA:48,31
DA:50,8
DA:51,8
DA:52,8
DA:53,8
DA:55,0
DA:56,0
DA:57,0
DA:130,215
DA:131,215
DA:132,215
DA:133,215
DA:134,215
DA:135,215
DA:136,215
DA:137,215
DA:138,215
DA:139,215
DA:141,0
DA:142,0
DA:143,0
DA:144,0
DA:146,0
DA:148,0
DA:150,0
DA:151,0
DA:152,0
DA:184,210
DA:185,210
DA:186,210
DA:187,210
DA:188,210
DA:189,210
DA:190,210
DA:191,210
DA:192,210
DA:211,210
DA:212,210
DA:213,210
DA:214,210
DA:215,210
DA:216,210
DA:217,210
DA:218,210
DA:219,210
DA:222,2
DA:223,2
DA:224,2
DA:225,2
DA:226,2
DA:227,2
DA:228,2
DA:229,2
DA:230,2
DA:233,12
DA:234,12
DA:235,2
DA:236,10
DA:239,10
DA:240,8
DA:242,2
DA:245,10
DA:246,0
DA:247,0
DA:248,0
DA:249,10
DA:251,10
DA:253,8
DA:254,8
DA:255,8
DA:257,2
DA:258,2
DA:260,12
DA:263,16
DA:264,16
DA:265,3
DA:266,13
DA:268,13
DA:271,13
DA:272,13
DA:273,13
DA:276,13
DA:277,0
DA:278,13
DA:280,13
DA:281,13
DA:282,16
DA:285,0
DA:286,0
DA:287,0
DA:288,0
DA:290,0
DA:293,0
DA:294,0
DA:295,0
DA:297,0
DA:298,0
DA:299,0
DA:302,2
DA:303,2
DA:304,2
DA:305,2
DA:307,0
DA:309,2
DA:312,14
DA:313,14
DA:314,3
DA:315,11
DA:317,11
DA:318,5
DA:320,6
DA:322,14
DA:325,3
DA:326,3
DA:327,3
DA:328,3
DA:331,2
DA:332,2
DA:335,2
DA:336,0
DA:337,2
DA:339,2
DA:341,4
DA:342,2
DA:343,2
DA:344,2
DA:347,4
DA:348,2
DA:349,2
DA:351,2
DA:352,2
DA:353,2
DA:354,2
DA:357,5
DA:358,5
DA:359,5
DA:360,5
DA:361,5
DA:362,5
DA:365,0
DA:366,0
DA:367,0
DA:368,0
DA:371,2
DA:372,2
DA:373,2
DA:374,1
DA:375,1
DA:376,2
DA:379,4
DA:380,4
DA:381,4
DA:384,0
DA:385,0
DA:386,0
DA:389,0
DA:390,0
DA:391,0
DA:395,0
DA:396,0
DA:398,0
DA:399,0
DA:400,0
DA:401,0
DA:402,0
DA:404,0
DA:406,0
DA:407,0
DA:408,0
DA:409,0
DA:410,0
DA:411,0
DA:412,0
DA:414,0
DA:415,0
DA:416,0
DA:417,0
DA:419,0
DA:420,0
DA:421,0
DA:422,0
DA:423,0
DA:424,0
DA:425,0
DA:427,0
DA:428,0
DA:429,0
DA:430,0
DA:432,0
DA:433,0
DA:434,0
DA:435,0
DA:436,0
DA:437,0
DA:438,0
DA:440,0
DA:441,0
DA:442,0
DA:443,0
DA:445,0
DA:446,0
DA:447,0
DA:448,0
DA:449,0
DA:450,0
DA:451,0
DA:453,0
DA:454,0
DA:455,0
DA:456,0
DA:458,17
DA:459,17
DA:460,17
DA:461,17
DA:462,17
DA:463,17
DA:464,17
DA:467,17
DA:468,17
DA:473,2
DA:474,2
DA:475,2
DA:476,2
DA:477,2
DA:478,2
DA:479,2
DA:480,2
DA:481,2
DA:482,2
DA:483,2
DA:484,2
DA:485,2
DA:486,2
DA:487,2
DA:488,2
DA:491,2
DA:492,2
DA:493,2
DA:494,2
DA:495,2
DA:497,2
DA:498,2
DA:499,2
DA:501,2
DA:503,2
DA:505,0
DA:507,2
DA:510,1
DA:511,1
DA:512,1
DA:513,1
DA:514,1
DA:515,1
DA:516,1
DA:517,1
DA:518,1
DA:519,1
DA:520,1
DA:521,1
DA:522,1
DA:523,1
DA:524,1
DA:525,1
DA:526,1
DA:527,1
DA:528,1
DA:529,1
DA:532,1
DA:533,1
DA:534,1
DA:535,1
DA:536,1
DA:537,1
DA:539,1
DA:540,1
DA:541,1
DA:542,1
DA:544,1
DA:546,1
DA:548,0
DA:550,1
DA:553,1
DA:554,1
DA:555,1
DA:556,1
DA:557,1
DA:558,1
DA:559,1
DA:560,1
DA:561,1
DA:564,1
DA:565,1
DA:567,1
DA:568,1
DA:570,1
DA:572,1
DA:574,0
DA:576,1
DA:580,0
DA:581,0
DA:582,0
DA:586,55
DA:587,55
DA:588,55
DA:589,55
DA:590,55
DA:591,55
DA:598,1
DA:599,1
DA:600,1
DA:601,1
DA:602,1
DA:603,1
DA:604,1
DA:606,1
DA:607,1
DA:608,1
DA:609,1
DA:612,1
DA:613,1
DA:614,1
DA:615,1
DA:616,1
DA:617,1
DA:618,1
DA:620,1
DA:623,1
DA:624,1
DA:625,1
DA:628,1
DA:629,1
DA:631,1
DA:632,1
DA:633,1
DA:634,1
DA:635,1
DA:636,1
DA:639,1
DA:640,1
DA:643,1
DA:644,1
DA:647,1
DA:648,1
DA:649,1
DA:652,1
DA:653,1
DA:655,1
DA:656,1
DA:657,1
DA:658,1
DA:659,1
DA:660,1
DA:663,1
DA:666,1
DA:669,1
DA:671,1
DA:672,1
DA:673,1
DA:674,1
DA:677,1
DA:678,1
DA:680,1
DA:681,1
DA:682,1
DA:683,1
DA:684,1
DA:685,1
DA:688,1
DA:691,1
DA:692,1
DA:693,1
DA:696,1
DA:697,1
DA:698,1
DA:699,1
DA:700,1
DA:701,1
DA:702,1
DA:703,1
DA:705,1
DA:707,1
DA:708,1
DA:709,1
DA:710,1
DA:711,1
DA:712,1
DA:715,1
DA:718,1
DA:721,1
DA:724,1
DA:725,1
DA:728,1
DA:729,1
DA:732,1
DA:735,1
DA:736,1
DA:738,1
DA:739,1
DA:740,1
DA:741,1
DA:742,1
BRF:0
BRH:0
LF:426
LH:324
end_of_record
SF:C:\Users\Admin\RustProjects\RustBD\src\analyzer\object_checker.rs
FN:49,_RNvMNtNtCsioRnW7FrYT6_6rustdb8analyzer14object_checkerNtB2_14ObjectMetadata11with_schema
FN:54,_RNvMNtNtCsioRnW7FrYT6_6rustdb8analyzer14object_checkerNtB2_14ObjectMetadata13with_property
FN:41,_RNvMNtNtCsioRnW7FrYT6_6rustdb8analyzer14object_checkerNtB2_14ObjectMetadata3new
FN:181,_RNvMs_NtNtCsioRnW7FrYT6_6rustdb8analyzer14object_checkerNtB4_13ObjectChecker11clear_cache
FN:78,_RNvMs_NtNtCsioRnW7FrYT6_6rustdb8analyzer14object_checkerNtB4_13ObjectChecker13without_cache
FN:194,_RNvMs_NtNtCsioRnW7FrYT6_6rustdb8analyzer14object_checkerNtB4_13ObjectChecker16cache_statistics
FN:186,_RNvMs_NtNtCsioRnW7FrYT6_6rustdb8analyzer14object_checkerNtB4_13ObjectChecker17set_cache_enabled
FN:150,_RNvMs_NtNtCsioRnW7FrYT6_6rustdb8analyzer14object_checkerNtB4_13ObjectChecker18check_index_exists
FN:86,_RNvMs_NtNtCsioRnW7FrYT6_6rustdb8analyzer14object_checkerNtB4_13ObjectChecker18check_table_exists
FN:117,_RNvMs_NtNtCsioRnW7FrYT6_6rustdb8analyzer14object_checkerNtB4_13ObjectChecker19check_column_exists
FN:70,_RNvMs_NtNtCsioRnW7FrYT6_6rustdb8analyzer14object_checkerNtB4_13ObjectChecker3new
FN:200,_RNvXs0_NtNtCsioRnW7FrYT6_6rustdb8analyzer14object_checkerNtB5_13ObjectCheckerNtNtCsixiwFwjEgS7_4core7default7Default7default
FN:200,_RNvXs0_NtNtCs9nxHbwgHRMj_6rustdb8analyzer14object_checkerNtB5_13ObjectCheckerNtNtCsixiwFwjEgS7_4core7default7Default7default
FN:223,_RNvNtNtNtCs9nxHbwgHRMj_6rustdb8analyzer14object_checker5testss_20test_object_metadata
FN:234,_RNvNtNtNtCs9nxHbwgHRMj_6rustdb8analyzer14object_checker5testss_21test_cache_operations
FN:278,_RNvNtNtNtCs9nxHbwgHRMj_6rustdb8analyzer14object_checker5testss_23test_index_exists_check
FN:254,_RNvNtNtNtCs9nxHbwgHRMj_6rustdb8analyzer14object_checker5testss_23test_table_exists_check
FN:266,_RNvNtNtNtCs9nxHbwgHRMj_6rustdb8analyzer14object_checker5testss_24test_column_exists_check
FN:210,_RNvNtNtNtCs9nxHbwgHRMj_6rustdb8analyzer14object_checker5testss_28test_object_checker_creation
FN:217,_RNvNtNtNtCs9nxHbwgHRMj_6rustdb8analyzer14object_checker5testss_33test_object_checker_without_cache
FN:49,_RNvMNtNtCs9nxHbwgHRMj_6rustdb8analyzer14object_checkerNtB2_14ObjectMetadata11with_schema
FN:54,_RNvMNtNtCs9nxHbwgHRMj_6rustdb8analyzer14object_checkerNtB2_14ObjectMetadata13with_property
FN:41,_RNvMNtNtCs9nxHbwgHRMj_6rustdb8analyzer14object_checkerNtB2_14ObjectMetadata3new
FN:181,_RNvMs_NtNtCs9nxHbwgHRMj_6rustdb8analyzer14object_checkerNtB4_13ObjectChecker11clear_cache
FN:78,_RNvMs_NtNtCs9nxHbwgHRMj_6rustdb8analyzer14object_checkerNtB4_13ObjectChecker13without_cache
FN:194,_RNvMs_NtNtCs9nxHbwgHRMj_6rustdb8analyzer14object_checkerNtB4_13ObjectChecker16cache_statistics
FN:186,_RNvMs_NtNtCs9nxHbwgHRMj_6rustdb8analyzer14object_checkerNtB4_13ObjectChecker17set_cache_enabled
FN:150,_RNvMs_NtNtCs9nxHbwgHRMj_6rustdb8analyzer14object_checkerNtB4_13ObjectChecker18check_index_exists
FN:86,_RNvMs_NtNtCs9nxHbwgHRMj_6rustdb8analyzer14object_checkerNtB4_13ObjectChecker18check_table_exists
FN:117,_RNvMs_NtNtCs9nxHbwgHRMj_6rustdb8analyzer14object_checkerNtB4_13ObjectChecker19check_column_exists
FN:70,_RNvMs_NtNtCs9nxHbwgHRMj_6rustdb8analyzer14object_checkerNtB4_13ObjectChecker3new
FNDA:0,_RNvMNtNtCsioRnW7FrYT6_6rustdb8analyzer14object_checkerNtB2_14ObjectMetadata11with_schema
FNDA:0,_RNvMNtNtCsioRnW7FrYT6_6rustdb8analyzer14object_checkerNtB2_14ObjectMetadata13with_property
FNDA:0,_RNvMNtNtCsioRnW7FrYT6_6rustdb8analyzer14object_checkerNtB2_14ObjectMetadata3new
FNDA:0,_RNvMs_NtNtCsioRnW7FrYT6_6rustdb8analyzer14object_checkerNtB4_13ObjectChecker11clear_cache
FNDA:0,_RNvMs_NtNtCsioRnW7FrYT6_6rustdb8analyzer14object_checkerNtB4_13ObjectChecker13without_cache
FNDA:0,_RNvMs_NtNtCsioRnW7FrYT6_6rustdb8analyzer14object_checkerNtB4_13ObjectChecker16cache_statistics
FNDA:0,_RNvMs_NtNtCsioRnW7FrYT6_6rustdb8analyzer14object_checkerNtB4_13ObjectChecker17set_cache_enabled
FNDA:0,_RNvMs_NtNtCsioRnW7FrYT6_6rustdb8analyzer14object_checkerNtB4_13ObjectChecker18check_index_exists
FNDA:0,_RNvMs_NtNtCsioRnW7FrYT6_6rustdb8analyzer14object_checkerNtB4_13ObjectChecker18check_table_exists
FNDA:0,_RNvMs_NtNtCsioRnW7FrYT6_6rustdb8analyzer14object_checkerNtB4_13ObjectChecker19check_column_exists
FNDA:164,_RNvMs_NtNtCsioRnW7FrYT6_6rustdb8analyzer14object_checkerNtB4_13ObjectChecker3new
FNDA:0,_RNvXs0_NtNtCsioRnW7FrYT6_6rustdb8analyzer14object_checkerNtB5_13ObjectCheckerNtNtCsixiwFwjEgS7_4core7default7Default7default
FNDA:0,_RNvXs0_NtNtCs9nxHbwgHRMj_6rustdb8analyzer14object_checkerNtB5_13ObjectCheckerNtNtCsixiwFwjEgS7_4core7default7Default7default
FNDA:1,_RNvNtNtNtCs9nxHbwgHRMj_6rustdb8analyzer14object_checker5testss_20test_object_metadata
FNDA:1,_RNvNtNtNtCs9nxHbwgHRMj_6rustdb8analyzer14object_checker5testss_21test_cache_operations
FNDA:1,_RNvNtNtNtCs9nxHbwgHRMj_6rustdb8analyzer14object_checker5testss_23test_index_exists_check
FNDA:1,_RNvNtNtNtCs9nxHbwgHRMj_6rustdb8analyzer14object_checker5testss_23test_table_exists_check
FNDA:1,_RNvNtNtNtCs9nxHbwgHRMj_6rustdb8analyzer14object_checker5testss_24test_column_exists_check
FNDA:1,_RNvNtNtNtCs9nxHbwgHRMj_6rustdb8analyzer14object_checker5testss_28test_object_checker_creation
FNDA:1,_RNvNtNtNtCs9nxHbwgHRMj_6rustdb8analyzer14object_checker5testss_33test_object_checker_without_cache
FNDA:2,_RNvMNtNtCs9nxHbwgHRMj_6rustdb8analyzer14object_checkerNtB2_14ObjectMetadata11with_schema
FNDA:15,_RNvMNtNtCs9nxHbwgHRMj_6rustdb8analyzer14object_checkerNtB2_14ObjectMetadata13with_property
FNDA:12,_RNvMNtNtCs9nxHbwgHRMj_6rustdb8analyzer14object_checkerNtB2_14ObjectMetadata3new
FNDA:1,_RNvMs_NtNtCs9nxHbwgHRMj_6rustdb8analyzer14object_checkerNtB4_13ObjectChecker11clear_cache
FNDA:1,_RNvMs_NtNtCs9nxHbwgHRMj_6rustdb8analyzer14object_checkerNtB4_13ObjectChecker13without_cache
FNDA:8,_RNvMs_NtNtCs9nxHbwgHRMj_6rustdb8analyzer14object_checkerNtB4_13ObjectChecker16cache_statistics
FNDA:3,_RNvMs_NtNtCs9nxHbwgHRMj_6rustdb8analyzer14object_checkerNtB4_13ObjectChecker17set_cache_enabled
FNDA:2,_RNvMs_NtNtCs9nxHbwgHRMj_6rustdb8analyzer14object_checkerNtB4_13ObjectChecker18check_index_exists
FNDA:7,_RNvMs_NtNtCs9nxHbwgHRMj_6rustdb8analyzer14object_checkerNtB4_13ObjectChecker18check_table_exists
FNDA:2,_RNvMs_NtNtCs9nxHbwgHRMj_6rustdb8analyzer14object_checkerNtB4_13ObjectChecker19check_column_exists
FNDA:44,_RNvMs_NtNtCs9nxHbwgHRMj_6rustdb8analyzer14object_checkerNtB4_13ObjectChecker3new
FNF:19
FNH:18
DA:41,12
DA:42,12
DA:43,12
DA:44,12
DA:45,12
DA:46,12
DA:47,12
DA:49,2
DA:50,2
DA:51,2
DA:52,2
DA:54,15
DA:55,15
DA:56,15
DA:57,15
DA:70,208
DA:71,208
DA:72,208
DA:73,208
DA:74,208
DA:75,208
DA:78,1
DA:79,1
DA:80,1
DA:81,1
DA:82,1
DA:83,1
DA:86,7
DA:87,7
DA:88,7
DA:89,7
DA:90,7
DA:91,7
DA:94,7
DA:95,6
DA:96,1
DA:97,5
DA:98,1
DA:101,6
DA:102,6
DA:103,6
DA:104,6
DA:105,6
DA:106,6
DA:109,6
DA:110,5
DA:111,5
DA:113,6
DA:114,7
DA:117,2
DA:118,2
DA:119,2
DA:120,2
DA:121,2
DA:122,2
DA:123,2
DA:126,2
DA:127,2
DA:128,0
DA:129,2
DA:130,0
DA:133,2
DA:134,2
DA:135,2
DA:136,2
DA:137,2
DA:138,2
DA:139,2
DA:142,2
DA:143,2
DA:144,2
DA:146,2
DA:147,2
DA:150,2
DA:151,2
DA:152,2
DA:153,2
DA:154,2
DA:155,2
DA:158,2
DA:159,2
DA:160,0
DA:161,2
DA:162,0
DA:165,2
DA:166,2
DA:167,2
DA:168,2
DA:169,2
DA:170,2
DA:173,2
DA:174,2
DA:175,2
DA:177,2
DA:178,2
DA:181,1
DA:182,1
DA:183,1
DA:186,3
DA:187,3
DA:188,3
DA:189,2
DA:190,2
DA:191,3
DA:194,8
DA:195,8
DA:196,8
DA:200,0
DA:201,0
DA:202,0
DA:210,1
DA:211,1
DA:212,1
DA:213,1
DA:214,1
DA:217,1
DA:218,1
DA:219,1
DA:220,1
DA:223,1
DA:224,1
DA:225,1
DA:226,1
DA:228,1
DA:229,1
DA:230,1
DA:231,1
DA:234,1
DA:235,1
DA:238,1
DA:239,1
DA:240,1
DA:243,1
DA:244,1
DA:245,1
DA:248,1
DA:249,1
DA:250,1
DA:251,1
DA:254,1
DA:255,1
DA:256,1
DA:258,1
DA:259,1
DA:260,1
DA:262,1
DA:263,1
DA:266,1
DA:267,1
DA:268,1
DA:270,1
DA:271,1
DA:272,1
DA:274,1
DA:275,1
DA:278,1
DA:279,1
DA:280,1
DA:282,1
DA:283,1
DA:284,1
DA:286,1
DA:287,1
BRF:0
BRH:0
LF:163
LH:156
end_of_record
SF:C:\Users\Admin\RustProjects\RustBD\src\analyzer\semantic_analyzer.rs
FN:101,_RNvMs0_NtNtCsioRnW7FrYT6_6rustdb8analyzer17semantic_analyzerNtB5_14AnalysisResult10has_errors
FN:97,_RNvMs0_NtNtCsioRnW7FrYT6_6rustdb8analyzer17semantic_analyzerNtB5_14AnalysisResult11add_warning
FN:105,_RNvMs0_NtNtCsioRnW7FrYT6_6rustdb8analyzer17semantic_analyzerNtB5_14AnalysisResult12has_warnings
FN:82,_RNvMs0_NtNtCsioRnW7FrYT6_6rustdb8analyzer17semantic_analyzerNtB5_14AnalysisResult3new
FN:92,_RNvMs0_NtNtCsioRnW7FrYT6_6rustdb8analyzer17semantic_analyzerNtB5_14AnalysisResult9add_error
FN:155,_RNvMs1_NtNtCsioRnW7FrYT6_6rustdb8analyzer17semantic_analyzerNtB5_15TypeInformation3new
FN:190,_RNvMs2_NtNtCsioRnW7FrYT6_6rustdb8analyzer17semantic_analyzerNtB5_18AnalysisStatistics3new
FN:354,_RNvMs3_NtNtCsioRnW7FrYT6_6rustdb8analyzer17semantic_analyzerNtB5_16SemanticAnalyzer11check_types
FN:706,_RNvMs3_NtNtCsioRnW7FrYT6_6rustdb8analyzer17semantic_analyzerNtB5_16SemanticAnalyzer11clear_cache
FN:701,_RNvMs3_NtNtCsioRnW7FrYT6_6rustdb8analyzer17semantic_analyzerNtB5_16SemanticAnalyzer15update_settings
FN:297,_RNvMs3_NtNtCsioRnW7FrYT6_6rustdb8analyzer17semantic_analyzerNtB5_16SemanticAnalyzer16analyze_multiple
FN:711,_RNvMs3_NtNtCsioRnW7FrYT6_6rustdb8analyzer17semantic_analyzerNtB5_16SemanticAnalyzer16cache_statistics
FN:388,_RNvMs3_NtNtCsioRnW7FrYT6_6rustdb8analyzer17semantic_analyzerNtB5_16SemanticAnalyzer19check_access_rights
FN:231,_RNvMs3_NtNtCsioRnW7FrYT6_6rustdb8analyzer17semantic_analyzerNtB5_16SemanticAnalyzer19with_schema_manager
FN:589,_RNvMs3_NtNtCsioRnW7FrYT6_6rustdb8analyzer17semantic_analyzerNtB5_16SemanticAnalyzer20check_delete_objects
FN:537,_RNvMs3_NtNtCsioRnW7FrYT6_6rustdb8analyzer17semantic_analyzerNtB5_16SemanticAnalyzer20check_insert_objects
FN:413,_RNvMs3_NtNtCsioRnW7FrYT6_6rustdb8analyzer17semantic_analyzerNtB5_16SemanticAnalyzer20check_select_objects
FN:563,_RNvMs3_NtNtCsioRnW7FrYT6_6rustdb8analyzer17semantic_analyzerNtB5_16SemanticAnalyzer20check_update_objects
FN:318,_RNvMs3_NtNtCsioRnW7FrYT6_6rustdb8analyzer17semantic_analyzerNtB5_16SemanticAnalyzer22check_object_existence
FN:669,_RNvMs3_NtNtCsioRnW7FrYT6_6rustdb8analyzer17semantic_analyzerNtB5_16SemanticAnalyzer24check_drop_table_objects
FN:507,_RNvMs3_NtNtCsioRnW7FrYT6_6rustdb8analyzer17semantic_analyzerNtB5_16SemanticAnalyzer24check_expression_objects
FN:643,_RNvMs3_NtNtCsioRnW7FrYT6_6rustdb8analyzer17semantic_analyzerNtB5_16SemanticAnalyzer25check_alter_table_objects
FN:434,_RNvMs3_NtNtCsioRnW7FrYT6_6rustdb8analyzer17semantic_analyzerNtB5_16SemanticAnalyzer25check_from_clause_objects
FN:490,_RNvMs3_NtNtCsioRnW7FrYT6_6rustdb8analyzer17semantic_analyzerNtB5_16SemanticAnalyzer25check_select_item_objects
FN:615,_RNvMs3_NtNtCsioRnW7FrYT6_6rustdb8analyzer17semantic_analyzerNtB5_16SemanticAnalyzer26check_create_table_objects
FN:214,_RNvMs3_NtNtCsioRnW7FrYT6_6rustdb8analyzer17semantic_analyzerNtB5_16SemanticAnalyzer3new
FN:237,_RNvMs3_NtNtCsioRnW7FrYT6_6rustdb8analyzer17semantic_analyzerNtB5_16SemanticAnalyzer7analyze
FN:226,_RNvMs3_NtNtCsioRnW7FrYT6_6rustdb8analyzer17semantic_analyzerNtB5_16SemanticAnalyzer7default
FN:696,_RNvMs3_NtNtCsioRnW7FrYT6_6rustdb8analyzer17semantic_analyzerNtB5_16SemanticAnalyzer8settings
FN:30,_RNvXNtNtCsioRnW7FrYT6_6rustdb8analyzer17semantic_analyzerNtB2_24SemanticAnalyzerSettingsNtNtCsixiwFwjEgS7_4core7default7Default7default
FN:56,_RNvXs_NtNtCsioRnW7FrYT6_6rustdb8analyzer17semantic_analyzerNtB4_15AnalysisContextNtNtCsixiwFwjEgS7_4core7default7Default7default
FN:105,_RNvMs0_NtNtCs9nxHbwgHRMj_6rustdb8analyzer17semantic_analyzerNtB5_14AnalysisResult12has_warnings
FN:231,_RNvMs3_NtNtCs9nxHbwgHRMj_6rustdb8analyzer17semantic_analyzerNtB5_16SemanticAnalyzer19with_schema_manager
FN:101,_RNvMs0_NtNtCs9nxHbwgHRMj_6rustdb8analyzer17semantic_analyzerNtB5_14AnalysisResult10has_errors
FN:97,_RNvMs0_NtNtCs9nxHbwgHRMj_6rustdb8analyzer17semantic_analyzerNtB5_14AnalysisResult11add_warning
FN:82,_RNvMs0_NtNtCs9nxHbwgHRMj_6rustdb8analyzer17semantic_analyzerNtB5_14AnalysisResult3new
FN:92,_RNvMs0_NtNtCs9nxHbwgHRMj_6rustdb8analyzer17semantic_analyzerNtB5_14AnalysisResult9add_error
FN:155,_RNvMs1_NtNtCs9nxHbwgHRMj_6rustdb8analyzer17semantic_analyzerNtB5_15TypeInformation3new
FN:190,_RNvMs2_NtNtCs9nxHbwgHRMj_6rustdb8analyzer17semantic_analyzerNtB5_18AnalysisStatistics3new
FN:354,_RNvMs3_NtNtCs9nxHbwgHRMj_6rustdb8analyzer17semantic_analyzerNtB5_16SemanticAnalyzer11check_types
FN:706,_RNvMs3_NtNtCs9nxHbwgHRMj_6rustdb8analyzer17semantic_analyzerNtB5_16SemanticAnalyzer11clear_cache
FN:701,_RNvMs3_NtNtCs9nxHbwgHRMj_6rustdb8analyzer17semantic_analyzerNtB5_16SemanticAnalyzer15update_settings
FN:297,_RNvMs3_NtNtCs9nxHbwgHRMj_6rustdb8analyzer17semantic_analyzerNtB5_16SemanticAnalyzer16analyze_multiple
FN:711,_RNvMs3_NtNtCs9nxHbwgHRMj_6rustdb8analyzer17semantic_analyzerNtB5_16SemanticAnalyzer16cache_statistics
FN:388,_RNvMs3_NtNtCs9nxHbwgHRMj_6rustdb8analyzer17semantic_analyzerNtB5_16SemanticAnalyzer19check_access_rights
FN:589,_RNvMs3_NtNtCs9nxHbwgHRMj_6rustdb8analyzer17semantic_analyzerNtB5_16SemanticAnalyzer20check_delete_objects
FN:537,_RNvMs3_NtNtCs9nxHbwgHRMj_6rustdb8analyzer17semantic_analyzerNtB5_16SemanticAnalyzer20check_insert_objects
FN:413,_RNvMs3_NtNtCs9nxHbwgHRMj_6rustdb8analyzer17semantic_analyzerNtB5_16SemanticAnalyzer20check_select_objects
FN:563,_RNvMs3_NtNtCs9nxHbwgHRMj_6rustdb8analyzer17semantic_analyzerNtB5_16SemanticAnalyzer20check_update_objects
FN:318,_RNvMs3_NtNtCs9nxHbwgHRMj_6rustdb8analyzer17semantic_analyzerNtB5_16SemanticAnalyzer22check_object_existence
FN:669,_RNvMs3_NtNtCs9nxHbwgHRMj_6rustdb8analyzer17semantic_analyzerNtB5_16SemanticAnalyzer24check_drop_table_objects
FN:507,_RNvMs3_NtNtCs9nxHbwgHRMj_6rustdb8analyzer17semantic_analyzerNtB5_16SemanticAnalyzer24check_expression_objects
FN:643,_RNvMs3_NtNtCs9nxHbwgHRMj_6rustdb8analyzer17semantic_analyzerNtB5_16SemanticAnalyzer25check_alter_table_objects
FN:434,_RNvMs3_NtNtCs9nxHbwgHRMj_6rustdb8analyzer17semantic_analyzerNtB5_16SemanticAnalyzer25check_from_clause_objects
FN:490,_RNvMs3_NtNtCs9nxHbwgHRMj_6rustdb8analyzer17semantic_analyzerNtB5_16SemanticAnalyzer25check_select_item_objects
FN:615,_RNvMs3_NtNtCs9nxHbwgHRMj_6rustdb8analyzer17semantic_analyzerNtB5_16SemanticAnalyzer26check_create_table_objects
FN:214,_RNvMs3_NtNtCs9nxHbwgHRMj_6rustdb8analyzer17semantic_analyzerNtB5_16SemanticAnalyzer3new
FN:237,_RNvMs3_NtNtCs9nxHbwgHRMj_6rustdb8analyzer17semantic_analyzerNtB5_16SemanticAnalyzer7analyze
FN:226,_RNvMs3_NtNtCs9nxHbwgHRMj_6rustdb8analyzer17semantic_analyzerNtB5_16SemanticAnalyzer7default
FN:696,_RNvMs3_NtNtCs9nxHbwgHRMj_6rustdb8analyzer17semantic_analyzerNtB5_16SemanticAnalyzer8settings
FN:30,_RNvXNtNtCs9nxHbwgHRMj_6rustdb8analyzer17semantic_analyzerNtB2_24SemanticAnalyzerSettingsNtNtCsixiwFwjEgS7_4core7default7Default7default
FN:56,_RNvXs_NtNtCs9nxHbwgHRMj_6rustdb8analyzer17semantic_analyzerNtB4_15AnalysisContextNtNtCsixiwFwjEgS7_4core7default7Default7default
FNDA:0,_RNvMs0_NtNtCsioRnW7FrYT6_6rustdb8analyzer17semantic_analyzerNtB5_14AnalysisResult10has_errors
FNDA:0,_RNvMs0_NtNtCsioRnW7FrYT6_6rustdb8analyzer17semantic_analyzerNtB5_14AnalysisResult11add_warning
FNDA:0,_RNvMs0_NtNtCsioRnW7FrYT6_6rustdb8analyzer17semantic_analyzerNtB5_14AnalysisResult12has_warnings
FNDA:8523,_RNvMs0_NtNtCsioRnW7FrYT6_6rustdb8analyzer17semantic_analyzerNtB5_14AnalysisResult3new
FNDA:0,_RNvMs0_NtNtCsioRnW7FrYT6_6rustdb8analyzer17semantic_analyzerNtB5_14AnalysisResult9add_error
FNDA:17046,_RNvMs1_NtNtCsioRnW7FrYT6_6rustdb8analyzer17semantic_analyzerNtB5_15TypeInformation3new
FNDA:8523,_RNvMs2_NtNtCsioRnW7FrYT6_6rustdb8analyzer17semantic_analyzerNtB5_18AnalysisStatistics3new
FNDA:8523,_RNvMs3_NtNtCsioRnW7FrYT6_6rustdb8analyzer17semantic_analyzerNtB5_16SemanticAnalyzer11check_types
FNDA:0,_RNvMs3_NtNtCsioRnW7FrYT6_6rustdb8analyzer17semantic_analyzerNtB5_16SemanticAnalyzer11clear_cache
FNDA:0,_RNvMs3_NtNtCsioRnW7FrYT6_6rustdb8analyzer17semantic_analyzerNtB5_16SemanticAnalyzer15update_settings
FNDA:0,_RNvMs3_NtNtCsioRnW7FrYT6_6rustdb8analyzer17semantic_analyzerNtB5_16SemanticAnalyzer16analyze_multiple
FNDA:0,_RNvMs3_NtNtCsioRnW7FrYT6_6rustdb8analyzer17semantic_analyzerNtB5_16SemanticAnalyzer16cache_statistics
FNDA:0,_RNvMs3_NtNtCsioRnW7FrYT6_6rustdb8analyzer17semantic_analyzerNtB5_16SemanticAnalyzer19check_access_rights
FNDA:0,_RNvMs3_NtNtCsioRnW7FrYT6_6rustdb8analyzer17semantic_analyzerNtB5_16SemanticAnalyzer19with_schema_manager
FNDA:4,_RNvMs3_NtNtCsioRnW7FrYT6_6rustdb8analyzer17semantic_analyzerNtB5_16SemanticAnalyzer20check_delete_objects
FNDA:7909,_RNvMs3_NtNtCsioRnW7FrYT6_6rustdb8analyzer17semantic_analyzerNtB5_16SemanticAnalyzer20check_insert_objects
FNDA:422,_RNvMs3_NtNtCsioRnW7FrYT6_6rustdb8analyzer17semantic_analyzerNtB5_16SemanticAnalyzer20check_select_objects
FNDA:188,_RNvMs3_NtNtCsioRnW7FrYT6_6rustdb8analyzer17semantic_analyzerNtB5_16SemanticAnalyzer20check_update_objects
FNDA:8523,_RNvMs3_NtNtCsioRnW7FrYT6_6rustdb8analyzer17semantic_analyzerNtB5_16SemanticAnalyzer22check_object_existence
FNDA:0,_RNvMs3_NtNtCsioRnW7FrYT6_6rustdb8analyzer17semantic_analyzerNtB5_16SemanticAnalyzer24check_drop_table_objects
FNDA:0,_RNvMs3_NtNtCsioRnW7FrYT6_6rustdb8analyzer17semantic_analyzerNtB5_16SemanticAnalyzer24check_expression_objects
FNDA:0,_RNvMs3_NtNtCsioRnW7FrYT6_6rustdb8analyzer17semantic_analyzerNtB5_16SemanticAnalyzer25check_alter_table_objects
FNDA:422,_RNvMs3_NtNtCsioRnW7FrYT6_6rustdb8analyzer17semantic_analyzerNtB5_16SemanticAnalyzer25check_from_clause_objects
FNDA:422,_RNvMs3_NtNtCsioRnW7FrYT6_6rustdb8analyzer17semantic_analyzerNtB5_16SemanticAnalyzer25check_select_item_objects
FNDA:0,_RNvMs3_NtNtCsioRnW7FrYT6_6rustdb8analyzer17semantic_analyzerNtB5_16SemanticAnalyzer26check_create_table_objects
FNDA:164,_RNvMs3_NtNtCsioRnW7FrYT6_6rustdb8analyzer17semantic_analyzerNtB5_16SemanticAnalyzer3new
FNDA:8523,_RNvMs3_NtNtCsioRnW7FrYT6_6rustdb8analyzer17semantic_analyzerNtB5_16SemanticAnalyzer7analyze
FNDA:164,_RNvMs3_NtNtCsioRnW7FrYT6_6rustdb8analyzer17semantic_analyzerNtB5_16SemanticAnalyzer7default
FNDA:0,_RNvMs3_NtNtCsioRnW7FrYT6_6rustdb8analyzer17semantic_analyzerNtB5_16SemanticAnalyzer8settings
FNDA:164,_RNvXNtNtCsioRnW7FrYT6_6rustdb8analyzer17semantic_analyzerNtB2_24SemanticAnalyzerSettingsNtNtCsixiwFwjEgS7_4core7default7Default7default
FNDA:8523,_RNvXs_NtNtCsioRnW7FrYT6_6rustdb8analyzer17semantic_analyzerNtB4_15AnalysisContextNtNtCsixiwFwjEgS7_4core7default7Default7default
FNDA:0,_RNvMs0_NtNtCs9nxHbwgHRMj_6rustdb8analyzer17semantic_analyzerNtB5_14AnalysisResult12has_warnings
FNDA:0,_RNvMs3_NtNtCs9nxHbwgHRMj_6rustdb8analyzer17semantic_analyzerNtB5_16SemanticAnalyzer19with_schema_manager
FNDA:0,_RNvMs0_NtNtCs9nxHbwgHRMj_6rustdb8analyzer17semantic_analyzerNtB5_14AnalysisResult10has_errors
FNDA:0,_RNvMs0_NtNtCs9nxHbwgHRMj_6rustdb8analyzer17semantic_analyzerNtB5_14AnalysisResult11add_warning
FNDA:26,_RNvMs0_NtNtCs9nxHbwgHRMj_6rustdb8analyzer17semantic_analyzerNtB5_14AnalysisResult3new
FNDA:3,_RNvMs0_NtNtCs9nxHbwgHRMj_6rustdb8analyzer17semantic_analyzerNtB5_14AnalysisResult9add_error
FNDA:52,_RNvMs1_NtNtCs9nxHbwgHRMj_6rustdb8analyzer17semantic_analyzerNtB5_15TypeInformation3new
FNDA:26,_RNvMs2_NtNtCs9nxHbwgHRMj_6rustdb8analyzer17semantic_analyzerNtB5_18AnalysisStatistics3new
FNDA:25,_RNvMs3_NtNtCs9nxHbwgHRMj_6rustdb8analyzer17semantic_analyzerNtB5_16SemanticAnalyzer11check_types
FNDA:1,_RNvMs3_NtNtCs9nxHbwgHRMj_6rustdb8analyzer17semantic_analyzerNtB5_16SemanticAnalyzer11clear_cache
FNDA:1,_RNvMs3_NtNtCs9nxHbwgHRMj_6rustdb8analyzer17semantic_analyzerNtB5_16SemanticAnalyzer15update_settings
FNDA:1,_RNvMs3_NtNtCs9nxHbwgHRMj_6rustdb8analyzer17semantic_analyzerNtB5_16SemanticAnalyzer16analyze_multiple
FNDA:3,_RNvMs3_NtNtCs9nxHbwgHRMj_6rustdb8analyzer17semantic_analyzerNtB5_16SemanticAnalyzer16cache_statistics
FNDA:0,_RNvMs3_NtNtCs9nxHbwgHRMj_6rustdb8analyzer17semantic_analyzerNtB5_16SemanticAnalyzer19check_access_rights
FNDA:2,_RNvMs3_NtNtCs9nxHbwgHRMj_6rustdb8analyzer17semantic_analyzerNtB5_16SemanticAnalyzer20check_delete_objects
FNDA:3,_RNvMs3_NtNtCs9nxHbwgHRMj_6rustdb8analyzer17semantic_analyzerNtB5_16SemanticAnalyzer20check_insert_objects
FNDA:13,_RNvMs3_NtNtCs9nxHbwgHRMj_6rustdb8analyzer17semantic_analyzerNtB5_16SemanticAnalyzer20check_select_objects
FNDA:3,_RNvMs3_NtNtCs9nxHbwgHRMj_6rustdb8analyzer17semantic_analyzerNtB5_16SemanticAnalyzer20check_update_objects
FNDA:25,_RNvMs3_NtNtCs9nxHbwgHRMj_6rustdb8analyzer17semantic_analyzerNtB5_16SemanticAnalyzer22check_object_existence
FNDA:0,_RNvMs3_NtNtCs9nxHbwgHRMj_6rustdb8analyzer17semantic_analyzerNtB5_16SemanticAnalyzer24check_drop_table_objects
FNDA:6,_RNvMs3_NtNtCs9nxHbwgHRMj_6rustdb8analyzer17semantic_analyzerNtB5_16SemanticAnalyzer24check_expression_objects
FNDA:0,_RNvMs3_NtNtCs9nxHbwgHRMj_6rustdb8analyzer17semantic_analyzerNtB5_16SemanticAnalyzer25check_alter_table_objects
FNDA:12,_RNvMs3_NtNtCs9nxHbwgHRMj_6rustdb8analyzer17semantic_analyzerNtB5_16SemanticAnalyzer25check_from_clause_objects
FNDA:15,_RNvMs3_NtNtCs9nxHbwgHRMj_6rustdb8analyzer17semantic_analyzerNtB5_16SemanticAnalyzer25check_select_item_objects
FNDA:1,_RNvMs3_NtNtCs9nxHbwgHRMj_6rustdb8analyzer17semantic_analyzerNtB5_16SemanticAnalyzer26check_create_table_objects
FNDA:32,_RNvMs3_NtNtCs9nxHbwgHRMj_6rustdb8analyzer17semantic_analyzerNtB5_16SemanticAnalyzer3new
FNDA:26,_RNvMs3_NtNtCs9nxHbwgHRMj_6rustdb8analyzer17semantic_analyzerNtB5_16SemanticAnalyzer7analyze
FNDA:30,_RNvMs3_NtNtCs9nxHbwgHRMj_6rustdb8analyzer17semantic_analyzerNtB5_16SemanticAnalyzer7default
FNDA:4,_RNvMs3_NtNtCs9nxHbwgHRMj_6rustdb8analyzer17semantic_analyzerNtB5_16SemanticAnalyzer8settings
FNDA:30,_RNvXNtNtCs9nxHbwgHRMj_6rustdb8analyzer17semantic_analyzerNtB2_24SemanticAnalyzerSettingsNtNtCsixiwFwjEgS7_4core7default7Default7default
FNDA:22,_RNvXs_NtNtCs9nxHbwgHRMj_6rustdb8analyzer17semantic_analyzerNtB4_15AnalysisContextNtNtCsixiwFwjEgS7_4core7default7Default7default
FNF:31
FNH:24
DA:30,194
DA:31,194
DA:32,194
DA:33,194
DA:34,194
DA:35,194
DA:36,194
DA:37,194
DA:38,194
DA:39,194
DA:56,8545
DA:57,8545
DA:58,8545
DA:59,8545
DA:60,8545
DA:61,8545
DA:62,8545
DA:63,8545
DA:82,8549
DA:83,8549
DA:84,8549
DA:85,8549
DA:86,8549
DA:87,8549
DA:88,8549
DA:89,8549
DA:90,8549
DA:92,3
DA:93,3
DA:94,3
DA:95,3
DA:97,0
DA:98,0
DA:99,0
DA:101,0
DA:102,0
DA:103,0
DA:105,0
DA:106,0
DA:107,0
DA:155,17098
DA:156,17098
DA:157,17098
DA:158,17098
DA:159,17098
DA:160,17098
DA:190,8549
DA:191,8549
DA:192,8549
DA:193,8549
DA:194,8549
DA:195,8549
DA:196,8549
DA:197,8549
DA:198,8549
DA:199,8549
DA:214,196
DA:215,196
DA:216,196
DA:217,196
DA:218,196
DA:219,196
DA:220,196
DA:221,196
DA:222,196
DA:223,196
DA:226,194
DA:227,194
DA:228,194
DA:231,0
DA:232,0
DA:233,0
DA:234,0
DA:237,8549
DA:238,8549
DA:239,8549
DA:240,8549
DA:241,8549
DA:242,8549
DA:243,8549
DA:246,8549
DA:247,8548
DA:248,0
DA:249,0
DA:250,0
DA:251,0
DA:252,0
DA:253,0
DA:254,0
DA:255,0
DA:256,0
DA:257,8548
DA:258,1
DA:261,8549
DA:262,8548
DA:263,0
DA:264,0
DA:265,0
DA:266,0
DA:267,0
DA:268,0
DA:269,0
DA:270,0
DA:271,0
DA:272,8548
DA:273,1
DA:276,8549
DA:277,0
DA:278,0
DA:279,0
DA:280,0
DA:281,0
DA:282,0
DA:283,0
DA:284,0
DA:285,0
DA:286,0
DA:287,0
DA:288,8549
DA:291,8549
DA:293,8549
DA:294,8549
DA:297,1
DA:298,1
DA:299,1
DA:300,1
DA:301,1
DA:302,1
DA:304,4
DA:305,3
DA:306,3
DA:309,3
DA:310,0
DA:311,3
DA:314,1
DA:315,1
DA:318,8548
DA:319,8548
DA:320,8548
DA:321,8548
DA:322,8548
DA:323,8548
DA:324,8548
DA:325,435
DA:326,435
DA:328,7912
DA:329,7912
DA:331,191
DA:332,191
DA:334,6
DA:335,6
DA:337,1
DA:338,1
DA:340,0
DA:341,0
DA:343,0
DA:344,0
DA:346,3
DA:347,3
DA:348,3
DA:350,8548
DA:351,8548
DA:354,8548
DA:355,8548
DA:356,8548
DA:357,8548
DA:358,8548
DA:359,8548
DA:361,8548
DA:364,8551
DA:365,3
DA:366,3
DA:367,3
DA:368,3
DA:369,3
DA:370,3
DA:371,3
DA:373,8548
DA:374,0
DA:375,0
DA:376,0
DA:377,0
DA:378,0
DA:379,0
DA:381,8548
DA:382,8548
DA:384,8548
DA:385,8548
DA:388,0
DA:389,0
DA:390,0
DA:391,0
DA:392,0
DA:393,0
DA:395,0
DA:398,0
DA:399,0
DA:400,0
DA:401,0
DA:402,0
DA:403,0
DA:404,0
DA:405,0
DA:407,0
DA:409,0
DA:410,0
DA:413,435
DA:414,435
DA:415,435
DA:416,435
DA:417,435
DA:418,435
DA:419,435
DA:422,435
DA:423,434
DA:424,1
DA:427,872
DA:428,437
DA:431,435
DA:432,435
DA:434,434
DA:435,434
DA:436,434
DA:437,434
DA:438,434
DA:439,434
DA:441,434
DA:442,434
DA:445,0
DA:449,434
DA:450,0
DA:451,0
DA:452,0
DA:453,0
DA:454,0
DA:455,0
DA:456,0
DA:457,0
DA:458,0
DA:459,0
DA:460,0
DA:461,434
DA:464,434
DA:465,0
DA:466,0
DA:467,0
DA:470,0
DA:471,0
DA:472,0
DA:473,0
DA:474,0
DA:475,0
DA:476,0
DA:477,0
DA:478,0
DA:479,0
DA:480,0
DA:481,0
DA:482,0
DA:483,0
DA:484,0
DA:487,434
DA:488,434
DA:490,437
DA:491,437
DA:492,437
DA:493,437
DA:494,437
DA:495,437
DA:496,437
DA:497,6
DA:498,6
DA:500,431
DA:501,431
DA:502,431
DA:504,437
DA:505,437
DA:507,6
DA:508,6
DA:509,6
DA:510,6
DA:511,6
DA:512,6
DA:513,6
DA:514,6
DA:515,6
DA:516,6
DA:517,6
DA:518,0
DA:519,0
DA:520,0
DA:522,0
DA:523,0
DA:525,0
DA:526,0
DA:527,0
DA:530,0
DA:531,0
DA:532,0
DA:534,6
DA:535,6
DA:537,7912
DA:538,7912
DA:539,7912
DA:540,7912
DA:541,7912
DA:542,7912
DA:543,7912
DA:546,7912
DA:547,0
DA:548,0
DA:549,0
DA:550,0
DA:551,0
DA:552,0
DA:553,0
DA:554,0
DA:555,0
DA:556,0
DA:557,0
DA:558,7912
DA:560,7912
DA:561,7912
DA:563,191
DA:564,191
DA:565,191
DA:566,191
DA:567,191
DA:568,191
DA:569,191
DA:572,191
DA:573,0
DA:574,0
DA:575,0
DA:576,0
DA:577,0
DA:578,0
DA:579,0
DA:580,0
DA:581,0
DA:582,0
DA:583,0
DA:584,191
DA:586,191
DA:587,191
DA:589,6
DA:590,6
DA:591,6
DA:592,6
DA:593,6
DA:594,6
DA:595,6
DA:598,6
DA:599,0
DA:600,0
DA:601,0
DA:602,0
DA:603,0
DA:604,0
DA:605,0
DA:606,0
DA:607,0
DA:608,0
DA:609,0
DA:610,6
DA:612,6
DA:613,6
DA:615,1
DA:616,1
DA:617,1
DA:618,1
DA:619,1
DA:620,1
DA:621,1
DA:624,1
DA:625,0
DA:626,0
DA:627,0
DA:628,0
DA:629,0
DA:630,0
DA:631,0
DA:632,0
DA:633,0
DA:634,0
DA:635,0
DA:636,0
DA:637,0
DA:638,1
DA:640,1
DA:641,1
DA:643,0
DA:644,0
DA:645,0
DA:646,0
DA:647,0
DA:648,0
DA:649,0
DA:652,0
DA:653,0
DA:654,0
DA:655,0
DA:656,0
DA:657,0
DA:658,0
DA:659,0
DA:660,0
DA:661,0
DA:662,0
DA:663,0
DA:664,0
DA:666,0
DA:667,0
DA:669,0
DA:670,0
DA:671,0
DA:672,0
DA:673,0
DA:674,0
DA:675,0
DA:678,0
DA:679,0
DA:680,0
DA:681,0
DA:682,0
DA:683,0
DA:684,0
DA:685,0
DA:686,0
DA:687,0
DA:688,0
DA:689,0
DA:690,0
DA:692,0
DA:693,0
DA:696,4
DA:697,4
DA:698,4
DA:701,1
DA:702,1
DA:703,1
DA:706,1
DA:707,1
DA:708,1
DA:711,3
DA:712,3
DA:713,3
BRF:0
BRH:0
LF:447
LH:245
end_of_record
SF:C:\Users\Admin\RustProjects\RustBD\src\analyzer\type_checker.rs
FN:39,_RNvMNtNtCsioRnW7FrYT6_6rustdb8analyzer12type_checkerNtB2_15TypeCheckResult11add_warning
FN:24,_RNvMNtNtCsioRnW7FrYT6_6rustdb8analyzer12type_checkerNtB2_15TypeCheckResult3new
FN:34,_RNvMNtNtCsioRnW7FrYT6_6rustdb8analyzer12type_checkerNtB2_15TypeCheckResult9add_error
FN:617,_RNvMs_NtNtCsioRnW7FrYT6_6rustdb8analyzer12type_checkerNtB4_11TypeChecker14is_strict_mode
FN:114,_RNvMs_NtNtCsioRnW7FrYT6_6rustdb8analyzer12type_checkerNtB4_11TypeChecker15check_statement
FN:612,_RNvMs_NtNtCsioRnW7FrYT6_6rustdb8analyzer12type_checkerNtB4_11TypeChecker15set_strict_mode
FN:491,_RNvMs_NtNtCsioRnW7FrYT6_6rustdb8analyzer12type_checkerNtB4_11TypeChecker16get_literal_type
FN:579,_RNvMs_NtNtCsioRnW7FrYT6_6rustdb8analyzer12type_checkerNtB4_11TypeChecker16initialize_rules
FN:362,_RNvMs_NtNtCsioRnW7FrYT6_6rustdb8analyzer12type_checkerNtB4_11TypeChecker18check_delete_types
FN:301,_RNvMs_NtNtCsioRnW7FrYT6_6rustdb8analyzer12type_checkerNtB4_11TypeChecker18check_insert_types
FN:244,_RNvMs_NtNtCsioRnW7FrYT6_6rustdb8analyzer12type_checkerNtB4_11TypeChecker18check_select_types
FN:330,_RNvMs_NtNtCsioRnW7FrYT6_6rustdb8analyzer12type_checkerNtB4_11TypeChecker18check_update_types
FN:557,_RNvMs_NtNtCsioRnW7FrYT6_6rustdb8analyzer12type_checkerNtB4_11TypeChecker18validate_data_type
FN:146,_RNvMs_NtNtCsioRnW7FrYT6_6rustdb8analyzer12type_checkerNtB4_11TypeChecker19check_compatibility
FN:176,_RNvMs_NtNtCsioRnW7FrYT6_6rustdb8analyzer12type_checkerNtB4_11TypeChecker22can_convert_implicitly
FN:420,_RNvMs_NtNtCsioRnW7FrYT6_6rustdb8analyzer12type_checkerNtB4_11TypeChecker22check_expression_types
FN:402,_RNvMs_NtNtCsioRnW7FrYT6_6rustdb8analyzer12type_checkerNtB4_11TypeChecker23check_select_item_types
FN:386,_RNvMs_NtNtCsioRnW7FrYT6_6rustdb8analyzer12type_checkerNtB4_11TypeChecker24check_create_table_types
FN:516,_RNvMs_NtNtCsioRnW7FrYT6_6rustdb8analyzer12type_checkerNtB4_11TypeChecker24get_function_result_type
FN:501,_RNvMs_NtNtCsioRnW7FrYT6_6rustdb8analyzer12type_checkerNtB4_11TypeChecker26get_arithmetic_result_type
FN:221,_RNvMs_NtNtCsioRnW7FrYT6_6rustdb8analyzer12type_checkerNtB4_11TypeChecker31get_unary_operation_result_type
FN:185,_RNvMs_NtNtCsioRnW7FrYT6_6rustdb8analyzer12type_checkerNtB4_11TypeChecker32get_binary_operation_result_type
FN:95,_RNvMs_NtNtCsioRnW7FrYT6_6rustdb8analyzer12type_checkerNtB4_11TypeChecker3new
FN:107,_RNvMs_NtNtCsioRnW7FrYT6_6rustdb8analyzer12type_checkerNtB4_11TypeChecker6strict
FN:623,_RNvXs0_NtNtCsioRnW7FrYT6_6rustdb8analyzer12type_checkerNtB5_11TypeCheckerNtNtCsixiwFwjEgS7_4core7default7Default7default
FN:623,_RNvXs0_NtNtCs9nxHbwgHRMj_6rustdb8analyzer12type_checkerNtB5_11TypeCheckerNtNtCsixiwFwjEgS7_4core7default7Default7default
FN:39,_RNvMNtNtCs9nxHbwgHRMj_6rustdb8analyzer12type_checkerNtB2_15TypeCheckResult11add_warning
FN:24,_RNvMNtNtCs9nxHbwgHRMj_6rustdb8analyzer12type_checkerNtB2_15TypeCheckResult3new
FN:34,_RNvMNtNtCs9nxHbwgHRMj_6rustdb8analyzer12type_checkerNtB2_15TypeCheckResult9add_error
FN:617,_RNvMs_NtNtCs9nxHbwgHRMj_6rustdb8analyzer12type_checkerNtB4_11TypeChecker14is_strict_mode
FN:114,_RNvMs_NtNtCs9nxHbwgHRMj_6rustdb8analyzer12type_checkerNtB4_11TypeChecker15check_statement
FN:612,_RNvMs_NtNtCs9nxHbwgHRMj_6rustdb8analyzer12type_checkerNtB4_11TypeChecker15set_strict_mode
FN:491,_RNvMs_NtNtCs9nxHbwgHRMj_6rustdb8analyzer12type_checkerNtB4_11TypeChecker16get_literal_type
FN:579,_RNvMs_NtNtCs9nxHbwgHRMj_6rustdb8analyzer12type_checkerNtB4_11TypeChecker16initialize_rules
FN:362,_RNvMs_NtNtCs9nxHbwgHRMj_6rustdb8analyzer12type_checkerNtB4_11TypeChecker18check_delete_types
FN:301,_RNvMs_NtNtCs9nxHbwgHRMj_6rustdb8analyzer12type_checkerNtB4_11TypeChecker18check_insert_types
FN:244,_RNvMs_NtNtCs9nxHbwgHRMj_6rustdb8analyzer12type_checkerNtB4_11TypeChecker18check_select_types
FN:330,_RNvMs_NtNtCs9nxHbwgHRMj_6rustdb8analyzer12type_checkerNtB4_11TypeChecker18check_update_types
FN:557,_RNvMs_NtNtCs9nxHbwgHRMj_6rustdb8analyzer12type_checkerNtB4_11TypeChecker18validate_data_type
FN:146,_RNvMs_NtNtCs9nxHbwgHRMj_6rustdb8analyzer12type_checkerNtB4_11TypeChecker19check_compatibility
FN:176,_RNvMs_NtNtCs9nxHbwgHRMj_6rustdb8analyzer12type_checkerNtB4_11TypeChecker22can_convert_implicitly
FN:420,_RNvMs_NtNtCs9nxHbwgHRMj_6rustdb8analyzer12type_checkerNtB4_11TypeChecker22check_expression_types
FN:402,_RNvMs_NtNtCs9nxHbwgHRMj_6rustdb8analyzer12type_checkerNtB4_11TypeChecker23check_select_item_types
FN:386,_RNvMs_NtNtCs9nxHbwgHRMj_6rustdb8analyzer12type_checkerNtB4_11TypeChecker24check_create_table_types
FN:516,_RNvMs_NtNtCs9nxHbwgHRMj_6rustdb8analyzer12type_checkerNtB4_11TypeChecker24get_function_result_type
FN:501,_RNvMs_NtNtCs9nxHbwgHRMj_6rustdb8analyzer12type_checkerNtB4_11TypeChecker26get_arithmetic_result_type
FN:221,_RNvMs_NtNtCs9nxHbwgHRMj_6rustdb8analyzer12type_checkerNtB4_11TypeChecker31get_unary_operation_result_type
FN:185,_RNvMs_NtNtCs9nxHbwgHRMj_6rustdb8analyzer12type_checkerNtB4_11TypeChecker32get_binary_operation_result_type
FN:95,_RNvMs_NtNtCs9nxHbwgHRMj_6rustdb8analyzer12type_checkerNtB4_11TypeChecker3new
FN:107,_RNvMs_NtNtCs9nxHbwgHRMj_6rustdb8analyzer12type_checkerNtB4_11TypeChecker6strict
FNDA:0,_RNvMNtNtCsioRnW7FrYT6_6rustdb8analyzer12type_checkerNtB2_15TypeCheckResult11add_warning
FNDA:8523,_RNvMNtNtCsioRnW7FrYT6_6rustdb8analyzer12type_checkerNtB2_15TypeCheckResult3new
FNDA:0,_RNvMNtNtCsioRnW7FrYT6_6rustdb8analyzer12type_checkerNtB2_15TypeCheckResult9add_error
FNDA:0,_RNvMs_NtNtCsioRnW7FrYT6_6rustdb8analyzer12type_checkerNtB4_11TypeChecker14is_strict_mode
FNDA:8523,_RNvMs_NtNtCsioRnW7FrYT6_6rustdb8analyzer12type_checkerNtB4_11TypeChecker15check_statement
FNDA:0,_RNvMs_NtNtCsioRnW7FrYT6_6rustdb8analyzer12type_checkerNtB4_11TypeChecker15set_strict_mode
FNDA:31132,_RNvMs_NtNtCsioRnW7FrYT6_6rustdb8analyzer12type_checkerNtB4_11TypeChecker16get_literal_type
FNDA:164,_RNvMs_NtNtCsioRnW7FrYT6_6rustdb8analyzer12type_checkerNtB4_11TypeChecker16initialize_rules
FNDA:4,_RNvMs_NtNtCsioRnW7FrYT6_6rustdb8analyzer12type_checkerNtB4_11TypeChecker18check_delete_types
FNDA:7909,_RNvMs_NtNtCsioRnW7FrYT6_6rustdb8analyzer12type_checkerNtB4_11TypeChecker18check_insert_types
FNDA:422,_RNvMs_NtNtCsioRnW7FrYT6_6rustdb8analyzer12type_checkerNtB4_11TypeChecker18check_select_types
FNDA:188,_RNvMs_NtNtCsioRnW7FrYT6_6rustdb8analyzer12type_checkerNtB4_11TypeChecker18check_update_types
FNDA:0,_RNvMs_NtNtCsioRnW7FrYT6_6rustdb8analyzer12type_checkerNtB4_11TypeChecker18validate_data_type
FNDA:0,_RNvMs_NtNtCsioRnW7FrYT6_6rustdb8analyzer12type_checkerNtB4_11TypeChecker19check_compatibility
FNDA:0,_RNvMs_NtNtCsioRnW7FrYT6_6rustdb8analyzer12type_checkerNtB4_11TypeChecker22can_convert_implicitly
FNDA:31132,_RNvMs_NtNtCsioRnW7FrYT6_6rustdb8analyzer12type_checkerNtB4_11TypeChecker22check_expression_types
FNDA:422,_RNvMs_NtNtCsioRnW7FrYT6_6rustdb8analyzer12type_checkerNtB4_11TypeChecker23check_select_item_types
FNDA:0,_RNvMs_NtNtCsioRnW7FrYT6_6rustdb8analyzer12type_checkerNtB4_11TypeChecker24check_create_table_types
FNDA:0,_RNvMs_NtNtCsioRnW7FrYT6_6rustdb8analyzer12type_checkerNtB4_11TypeChecker24get_function_result_type
FNDA:0,_RNvMs_NtNtCsioRnW7FrYT6_6rustdb8analyzer12type_checkerNtB4_11TypeChecker26get_arithmetic_result_type
FNDA:0,_RNvMs_NtNtCsioRnW7FrYT6_6rustdb8analyzer12type_checkerNtB4_11TypeChecker31get_unary_operation_result_type
FNDA:0,_RNvMs_NtNtCsioRnW7FrYT6_6rustdb8analyzer12type_checkerNtB4_11TypeChecker32get_binary_operation_result_type
FNDA:164,_RNvMs_NtNtCsioRnW7FrYT6_6rustdb8analyzer12type_checkerNtB4_11TypeChecker3new
FNDA:0,_RNvMs_NtNtCsioRnW7FrYT6_6rustdb8analyzer12type_checkerNtB4_11TypeChecker6strict
FNDA:0,_RNvXs0_NtNtCsioRnW7FrYT6_6rustdb8analyzer12type_checkerNtB5_11TypeCheckerNtNtCsixiwFwjEgS7_4core7default7Default7default
FNDA:0,_RNvXs0_NtNtCs9nxHbwgHRMj_6rustdb8analyzer12type_checkerNtB5_11TypeCheckerNtNtCsixiwFwjEgS7_4core7default7Default7default
FNDA:0,_RNvMNtNtCs9nxHbwgHRMj_6rustdb8analyzer12type_checkerNtB2_15TypeCheckResult11add_warning
FNDA:26,_RNvMNtNtCs9nxHbwgHRMj_6rustdb8analyzer12type_checkerNtB2_15TypeCheckResult3new
FNDA:3,_RNvMNtNtCs9nxHbwgHRMj_6rustdb8analyzer12type_checkerNtB2_15TypeCheckResult9add_error
FNDA:5,_RNvMs_NtNtCs9nxHbwgHRMj_6rustdb8analyzer12type_checkerNtB4_11TypeChecker14is_strict_mode
FNDA:25,_RNvMs_NtNtCs9nxHbwgHRMj_6rustdb8analyzer12type_checkerNtB4_11TypeChecker15check_statement
FNDA:2,_RNvMs_NtNtCs9nxHbwgHRMj_6rustdb8analyzer12type_checkerNtB4_11TypeChecker15set_strict_mode
FNDA:14,_RNvMs_NtNtCs9nxHbwgHRMj_6rustdb8analyzer12type_checkerNtB4_11TypeChecker16get_literal_type
FNDA:43,_RNvMs_NtNtCs9nxHbwgHRMj_6rustdb8analyzer12type_checkerNtB4_11TypeChecker16initialize_rules
FNDA:2,_RNvMs_NtNtCs9nxHbwgHRMj_6rustdb8analyzer12type_checkerNtB4_11TypeChecker18check_delete_types
FNDA:3,_RNvMs_NtNtCs9nxHbwgHRMj_6rustdb8analyzer12type_checkerNtB4_11TypeChecker18check_insert_types
FNDA:13,_RNvMs_NtNtCs9nxHbwgHRMj_6rustdb8analyzer12type_checkerNtB4_11TypeChecker18check_select_types
[...]
FNDA:0,_RNvMs_NtNtCs9nxHbwgHRMj_6rustdb7storage14schema_managerNtB4_13SchemaManager24execute_add_index_static
FNDA:1,_RNvMs_NtNtCs9nxHbwgHRMj_6rustdb7storage14schema_managerNtB4_13SchemaManager24execute_operation_static
FNDA:0,_RNvMs_NtNtCs9nxHbwgHRMj_6rustdb7storage14schema_managerNtB4_13SchemaManager24validate_drop_constraint
FNDA:1,_RNvMs_NtNtCs9nxHbwgHRMj_6rustdb7storage14schema_managerNtB4_13SchemaManager25execute_add_column_static
FNDA:0,_RNvMs_NtNtCs9nxHbwgHRMj_6rustdb7storage14schema_managerNtB4_13SchemaManager25execute_drop_index_static
FNDA:0,_RNvMs_NtNtCs9nxHbwgHRMj_6rustdb7storage14schema_managerNtB4_13SchemaManager26execute_drop_column_static
FNDA:0,_RNvMs_NtNtCs9nxHbwgHRMj_6rustdb7storage14schema_managerNtB4_13SchemaManager27validate_modify_primary_key
FNDA:0,_RNvMs_NtNtCs9nxHbwgHRMj_6rustdb7storage14schema_managerNtB4_13SchemaManager28execute_modify_column_static
FNDA:0,_RNvMs_NtNtCs9nxHbwgHRMj_6rustdb7storage14schema_managerNtB4_13SchemaManager28execute_rename_column_static
FNDA:0,_RNvMs_NtNtCs9nxHbwgHRMj_6rustdb7storage14schema_managerNtB4_13SchemaManager29execute_add_constraint_static
FNDA:0,_RNvMs_NtNtCs9nxHbwgHRMj_6rustdb7storage14schema_managerNtB4_13SchemaManager30execute_drop_constraint_static
FNDA:0,_RNvMs_NtNtCs9nxHbwgHRMj_6rustdb7storage14schema_managerNtB4_13SchemaManager33execute_modify_primary_key_static
FNDA:0,_RNvMs_NtNtCs9nxHbwgHRMj_6rustdb7storage14schema_managerNtB4_13SchemaManager35execute_modify_table_options_static
FNDA:3,_RNvMs_NtNtCs9nxHbwgHRMj_6rustdb7storage14schema_managerNtB4_13SchemaManager3new
FNDA:1,_RNvXs2_NtNtCs9nxHbwgHRMj_6rustdb7storage14schema_managerNtB5_20BasicSchemaValidatorNtB5_15SchemaValidator15validate_schema
FNDA:1,_RNvNtNtNtCs9nxHbwgHRMj_6rustdb7storage14schema_manager5testss_18test_create_schema
FNDA:1,_RNvNtNtNtCs9nxHbwgHRMj_6rustdb7storage14schema_manager5testss_20test_basic_validator
FNDA:1,_RNvNtNtNtCs9nxHbwgHRMj_6rustdb7storage14schema_manager5testss_26test_add_column_validation
FNDA:1,_RNvNtNtNtCs9nxHbwgHRMj_6rustdb7storage14schema_manager5testss_28test_schema_manager_creation
FNF:57
FNH:16
DA:60,0
DA:61,0
DA:62,0
DA:67,85
DA:68,85
DA:69,85
DA:70,85
DA:71,85
DA:72,85
DA:73,85
DA:76,0
DA:77,0
DA:78,0
DA:81,2
DA:83,2
DA:86,2
DA:87,0
DA:88,0
DA:89,0
DA:90,0
DA:91,2
DA:94,2
DA:97,2
DA:98,2
DA:99,2
DA:100,2
DA:102,2
DA:104,2
DA:105,2
DA:108,3
DA:109,3
DA:110,3
DA:113,1
DA:114,1
DA:115,1
DA:118,1
DA:121,1
DA:122,1
DA:123,1
DA:124,1
DA:129,1
DA:130,1
DA:131,1
DA:132,1
DA:136,1
DA:137,1
DA:138,1
DA:139,1
DA:141,1
DA:143,1
DA:144,1
DA:147,2
DA:148,2
DA:149,0
DA:151,2
DA:152,2
DA:155,1
DA:156,1
DA:157,1
DA:158,1
DA:160,0
DA:161,0
DA:164,0
DA:165,0
DA:167,0
DA:169,0
DA:170,0
DA:172,0
DA:173,0
DA:175,0
DA:176,0
DA:179,0
DA:180,0
DA:183,0
DA:185,0
DA:186,0
DA:188,0
DA:189,0
DA:191,0
DA:192,0
DA:193,0
DA:195,1
DA:196,1
DA:199,1
DA:201,1
DA:202,0
DA:203,0
DA:204,0
DA:205,0
DA:206,1
DA:209,1
DA:210,0
DA:211,0
DA:212,0
DA:213,0
DA:214,1
DA:216,1
DA:217,1
DA:220,0
DA:222,0
DA:223,0
DA:224,0
DA:225,0
DA:226,0
DA:227,0
DA:230,0
DA:231,0
DA:232,0
DA:233,0
DA:234,0
DA:235,0
DA:236,0
DA:237,0
DA:240,0
DA:241,0
DA:242,0
DA:243,0
DA:244,0
DA:245,0
DA:246,0
DA:249,0
DA:250,0
DA:253,0
DA:254,0
DA:255,0
DA:256,0
DA:257,0
DA:258,0
DA:260,0
DA:261,0
DA:262,0
DA:263,0
DA:264,0
DA:265,0
DA:268,0
DA:269,0
DA:270,0
DA:271,0
DA:272,0
DA:273,0
DA:274,0
DA:276,0
DA:277,0
DA:280,0
DA:281,0
DA:282,0
DA:283,0
DA:284,0
DA:285,0
DA:287,0
DA:288,0
DA:289,0
DA:292,0
DA:293,0
DA:294,0
DA:295,0
DA:296,0
DA:297,0
DA:299,0
DA:300,0
DA:303,0
DA:305,0
DA:306,0
DA:307,0
DA:308,0
DA:309,0
DA:310,0
DA:311,0
DA:314,0
DA:315,0
DA:318,0
DA:320,0
DA:321,0
DA:322,0
DA:323,0
DA:324,0
DA:325,0
DA:326,0
DA:327,0
DA:328,0
DA:329,0
DA:331,0
DA:332,0
DA:335,0
DA:336,0
DA:337,0
DA:338,0
DA:339,0
DA:340,0
DA:342,0
DA:343,0
DA:344,0
DA:345,0
DA:346,0
DA:347,0
DA:350,0
DA:351,0
DA:352,0
DA:353,0
DA:354,0
DA:355,0
DA:356,0
DA:359,0
DA:360,0
DA:363,0
DA:365,0
DA:366,0
DA:367,0
DA:368,0
DA:370,0
DA:371,0
DA:374,0
DA:376,0
DA:377,0
DA:378,0
DA:379,0
DA:380,0
DA:381,0
DA:382,0
DA:386,0
DA:387,0
DA:388,0
DA:389,0
DA:390,0
DA:391,0
DA:392,0
DA:393,0
DA:394,0
DA:397,0
DA:398,0
DA:401,0
DA:402,0
DA:409,0
DA:412,0
DA:417,0
DA:420,0
DA:423,0
DA:425,0
DA:428,0
DA:429,0
DA:430,0
DA:433,1
DA:434,1
DA:435,1
DA:436,1
DA:438,0
DA:439,0
DA:442,0
DA:443,0
DA:445,0
DA:447,0
DA:448,0
DA:450,0
DA:451,0
DA:453,0
DA:454,0
DA:457,0
DA:458,0
DA:459,0
DA:461,0
DA:463,0
DA:464,0
DA:466,0
DA:467,0
DA:469,0
DA:470,0
DA:473,1
DA:474,1
DA:477,0
DA:478,0
DA:479,0
DA:480,0
DA:481,0
DA:482,0
DA:483,0
DA:484,0
DA:487,1
DA:488,1
DA:489,1
DA:490,1
DA:491,1
DA:493,1
DA:494,1
DA:495,1
DA:498,0
DA:499,0
DA:500,0
DA:503,0
DA:506,0
DA:507,0
DA:510,0
DA:511,0
DA:512,0
DA:513,0
DA:514,0
DA:515,0
DA:516,0
DA:517,0
DA:520,0
DA:521,0
DA:522,0
DA:523,0
DA:524,0
DA:527,0
DA:528,0
DA:531,0
DA:532,0
DA:533,0
DA:534,0
DA:535,0
DA:536,0
DA:537,0
DA:538,0
DA:541,0
DA:542,0
DA:543,0
DA:544,0
DA:545,0
DA:547,0
DA:548,0
DA:551,0
DA:552,0
DA:553,0
DA:556,0
DA:557,0
DA:558,0
DA:559,0
DA:562,0
DA:563,0
DA:564,0
DA:567,0
DA:568,0
DA:569,0
DA:570,0
DA:573,0
DA:574,0
DA:575,0
DA:576,0
DA:577,0
DA:578,0
DA:579,0
DA:580,0
DA:581,0
DA:584,0
DA:585,0
DA:586,0
DA:587,0
DA:588,0
DA:589,0
DA:592,0
DA:593,0
DA:594,0
DA:595,0
DA:596,0
DA:597,0
DA:599,0
DA:600,0
DA:601,0
DA:604,0
DA:605,0
DA:606,0
DA:609,0
DA:610,0
DA:611,0
DA:612,0
DA:615,0
DA:616,0
DA:617,0
DA:618,0
DA:619,0
DA:620,0
DA:621,0
DA:624,0
DA:625,0
DA:626,0
DA:627,0
DA:628,0
DA:629,0
DA:630,0
DA:633,0
DA:634,0
DA:635,0
DA:636,0
DA:637,0
DA:638,0
DA:639,0
DA:642,0
DA:643,0
DA:644,0
DA:645,0
DA:646,0
DA:647,0
DA:648,0
DA:651,0
DA:652,0
DA:653,0
DA:656,0
DA:657,0
DA:659,0
DA:660,0
DA:661,0
DA:662,0
DA:677,0
DA:678,0
DA:679,0
DA:680,0
DA:681,0
DA:683,0
DA:701,3
DA:702,3
DA:703,3
DA:704,3
DA:705,3
DA:706,3
DA:707,3
DA:708,3
DA:709,3
DA:711,3
DA:712,3
DA:713,3
DA:714,3
DA:715,3
DA:716,3
DA:717,3
DA:730,1
DA:732,1
DA:733,0
DA:734,1
DA:737,1
DA:738,0
DA:739,0
DA:740,0
DA:741,0
DA:742,0
DA:743,0
DA:744,0
DA:746,1
DA:749,1
DA:750,0
DA:751,0
DA:752,0
DA:753,0
DA:754,0
DA:755,0
DA:756,0
DA:760,1
DA:761,1
DA:770,1
DA:771,1
DA:772,1
DA:773,1
DA:774,1
DA:777,1
DA:778,1
DA:779,1
DA:781,1
DA:782,1
DA:783,1
DA:786,1
DA:787,1
DA:788,1
DA:789,1
DA:791,1
DA:792,1
DA:793,1
DA:794,1
DA:795,1
DA:797,1
DA:798,1
DA:799,1
DA:800,1
DA:803,1
DA:804,1
DA:805,1
DA:806,1
DA:807,1
DA:808,1
DA:809,1
DA:812,1
DA:813,1
BRF:0
BRH:0
LF:487
LH:129
end_of_record
SF:C:\Users\Admin\RustProjects\RustBD\src\storage\tuple.rs
FN:254,_RNCNvMs_NtNtCsioRnW7FrYT6_6rustdb7storage5tupleNtB6_6Schema10get_column0Ba_
FN:259,_RNCNvMs_NtNtCsioRnW7FrYT6_6rustdb7storage5tupleNtB6_6Schema10has_column0Ba_
FN:108,_RNvMNtNtCsioRnW7FrYT6_6rustdb7storage5tupleNtB2_5Tuple10from_bytes
FN:66,_RNvMNtNtCsioRnW7FrYT6_6rustdb7storage5tupleNtB2_5Tuple10has_column
FN:80,_RNvMNtNtCsioRnW7FrYT6_6rustdb7storage5tupleNtB2_5Tuple10is_deleted
FN:71,_RNvMNtNtCsioRnW7FrYT6_6rustdb7storage5tupleNtB2_5Tuple12mark_deleted
FN:85,_RNvMNtNtCsioRnW7FrYT6_6rustdb7storage5tupleNtB2_5Tuple18create_new_version
FN:118,_RNvMNtNtCsioRnW7FrYT6_6rustdb7storage5tupleNtB2_5Tuple23validate_against_schema
FN:140,_RNvMNtNtCsioRnW7FrYT6_6rustdb7storage5tupleNtB2_5Tuple28validate_against_base_schema
FN:33,_RNvMNtNtCsioRnW7FrYT6_6rustdb7storage5tupleNtB2_5Tuple3new
FN:113,_RNvMNtNtCsioRnW7FrYT6_6rustdb7storage5tupleNtB2_5Tuple4size
FN:103,_RNvMNtNtCsioRnW7FrYT6_6rustdb7storage5tupleNtB2_5Tuple8to_bytes
FN:61,_RNvMNtNtCsioRnW7FrYT6_6rustdb7storage5tupleNtB2_5Tuple9get_value
FN:52,_RNvMNtNtCsioRnW7FrYT6_6rustdb7storage5tupleNtB2_5Tuple9set_value
FN:278,_RNvMs0_NtNtCsioRnW7FrYT6_6rustdb7storage5tupleNtB5_10Constraint3new
FN:293,_RNvMs0_NtNtCsioRnW7FrYT6_6rustdb7storage5tupleNtB5_10Constraint8validate
FN:340,_RNvMs1_NtNtCsioRnW7FrYT6_6rustdb7storage5tupleNtB5_7Trigger14with_condition
FN:329,_RNvMs1_NtNtCsioRnW7FrYT6_6rustdb7storage5tupleNtB5_7Trigger3new
FN:187,_RNvMs_NtNtCsioRnW7FrYT6_6rustdb7storage5tupleNtB4_6Schema10add_column
FN:253,_RNvMs_NtNtCsioRnW7FrYT6_6rustdb7storage5tupleNtB4_6Schema10get_column
FN:258,_RNvMs_NtNtCsioRnW7FrYT6_6rustdb7storage5tupleNtB4_6Schema10has_column
FN:223,_RNvMs_NtNtCsioRnW7FrYT6_6rustdb7storage5tupleNtB4_6Schema11add_trigger
FN:205,_RNvMs_NtNtCsioRnW7FrYT6_6rustdb7storage5tupleNtB4_6Schema11foreign_key
FN:248,_RNvMs_NtNtCsioRnW7FrYT6_6rustdb7storage5tupleNtB4_6Schema11get_columns
FN:193,_RNvMs_NtNtCsioRnW7FrYT6_6rustdb7storage5tupleNtB4_6Schema11primary_key
FN:229,_RNvMs_NtNtCsioRnW7FrYT6_6rustdb7storage5tupleNtB4_6Schema12with_options
FN:217,_RNvMs_NtNtCsioRnW7FrYT6_6rustdb7storage5tupleNtB4_6Schema14add_constraint
FN:235,_RNvMs_NtNtCsioRnW7FrYT6_6rustdb7storage5tupleNtB4_6Schema14validate_tuple
FN:177,_RNvMs_NtNtCsioRnW7FrYT6_6rustdb7storage5tupleNtB4_6Schema3new
FN:211,_RNvMs_NtNtCsioRnW7FrYT6_6rustdb7storage5tupleNtB4_6Schema5index
FN:199,_RNvMs_NtNtCsioRnW7FrYT6_6rustdb7storage5tupleNtB4_6Schema6unique
FN:388,_RNvXs2_NtNtCsioRnW7FrYT6_6rustdb7storage5tupleNtB5_12TableOptionsNtNtCsixiwFwjEgS7_4core7default7Default7default
FN:108,_RNvMNtNtCs9nxHbwgHRMj_6rustdb7storage5tupleNtB2_5Tuple10from_bytes
FN:118,_RNvMNtNtCs9nxHbwgHRMj_6rustdb7storage5tupleNtB2_5Tuple23validate_against_schema
FN:113,_RNvMNtNtCs9nxHbwgHRMj_6rustdb7storage5tupleNtB2_5Tuple4size
FN:103,_RNvMNtNtCs9nxHbwgHRMj_6rustdb7storage5tupleNtB2_5Tuple8to_bytes
FN:340,_RNvMs1_NtNtCs9nxHbwgHRMj_6rustdb7storage5tupleNtB5_7Trigger14with_condition
FN:223,_RNvMs_NtNtCs9nxHbwgHRMj_6rustdb7storage5tupleNtB4_6Schema11add_trigger
FN:205,_RNvMs_NtNtCs9nxHbwgHRMj_6rustdb7storage5tupleNtB4_6Schema11foreign_key
FN:193,_RNvMs_NtNtCs9nxHbwgHRMj_6rustdb7storage5tupleNtB4_6Schema11primary_key
FN:229,_RNvMs_NtNtCs9nxHbwgHRMj_6rustdb7storage5tupleNtB4_6Schema12with_options
FN:217,_RNvMs_NtNtCs9nxHbwgHRMj_6rustdb7storage5tupleNtB4_6Schema14add_constraint
FN:211,_RNvMs_NtNtCs9nxHbwgHRMj_6rustdb7storage5tupleNtB4_6Schema5index
FN:199,_RNvMs_NtNtCs9nxHbwgHRMj_6rustdb7storage5tupleNtB4_6Schema6unique
FN:254,_RNCNvMs_NtNtCs9nxHbwgHRMj_6rustdb7storage5tupleNtB6_6Schema10get_column0Ba_
FN:259,_RNCNvMs_NtNtCs9nxHbwgHRMj_6rustdb7storage5tupleNtB6_6Schema10has_column0Ba_
FN:66,_RNvMNtNtCs9nxHbwgHRMj_6rustdb7storage5tupleNtB2_5Tuple10has_column
FN:80,_RNvMNtNtCs9nxHbwgHRMj_6rustdb7storage5tupleNtB2_5Tuple10is_deleted
FN:71,_RNvMNtNtCs9nxHbwgHRMj_6rustdb7storage5tupleNtB2_5Tuple12mark_deleted
FN:85,_RNvMNtNtCs9nxHbwgHRMj_6rustdb7storage5tupleNtB2_5Tuple18create_new_version
FN:140,_RNvMNtNtCs9nxHbwgHRMj_6rustdb7storage5tupleNtB2_5Tuple28validate_against_base_schema
FN:33,_RNvMNtNtCs9nxHbwgHRMj_6rustdb7storage5tupleNtB2_5Tuple3new
FN:61,_RNvMNtNtCs9nxHbwgHRMj_6rustdb7storage5tupleNtB2_5Tuple9get_value
FN:52,_RNvMNtNtCs9nxHbwgHRMj_6rustdb7storage5tupleNtB2_5Tuple9set_value
FN:278,_RNvMs0_NtNtCs9nxHbwgHRMj_6rustdb7storage5tupleNtB5_10Constraint3new
FN:293,_RNvMs0_NtNtCs9nxHbwgHRMj_6rustdb7storage5tupleNtB5_10Constraint8validate
FN:329,_RNvMs1_NtNtCs9nxHbwgHRMj_6rustdb7storage5tupleNtB5_7Trigger3new
FN:187,_RNvMs_NtNtCs9nxHbwgHRMj_6rustdb7storage5tupleNtB4_6Schema10add_column
FN:253,_RNvMs_NtNtCs9nxHbwgHRMj_6rustdb7storage5tupleNtB4_6Schema10get_column
FN:258,_RNvMs_NtNtCs9nxHbwgHRMj_6rustdb7storage5tupleNtB4_6Schema10has_column
FN:248,_RNvMs_NtNtCs9nxHbwgHRMj_6rustdb7storage5tupleNtB4_6Schema11get_columns
FN:235,_RNvMs_NtNtCs9nxHbwgHRMj_6rustdb7storage5tupleNtB4_6Schema14validate_tuple
FN:177,_RNvMs_NtNtCs9nxHbwgHRMj_6rustdb7storage5tupleNtB4_6Schema3new
FN:388,_RNvXs2_NtNtCs9nxHbwgHRMj_6rustdb7storage5tupleNtB5_12TableOptionsNtNtCsixiwFwjEgS7_4core7default7Default7default
FN:416,_RNvNtNtNtCs9nxHbwgHRMj_6rustdb7storage5tuple5testss_17test_tuple_values
FN:407,_RNvNtNtNtCs9nxHbwgHRMj_6rustdb7storage5tuple5testss_19test_tuple_creation
FN:439,_RNvNtNtNtCs9nxHbwgHRMj_6rustdb7storage5tuple5testss_20test_schema_creation
FN:471,_RNvNtNtNtCs9nxHbwgHRMj_6rustdb7storage5tuple5testss_21test_trigger_creation
FN:429,_RNvNtNtNtCs9nxHbwgHRMj_6rustdb7storage5tuple5testss_21test_tuple_versioning
FN:447,_RNvNtNtNtCs9nxHbwgHRMj_6rustdb7storage5tuple5testss_22test_schema_validation
FN:458,_RNvNtNtNtCs9nxHbwgHRMj_6rustdb7storage5tuple5testss_24test_constraint_creation
FNDA:0,_RNCNvMs_NtNtCsioRnW7FrYT6_6rustdb7storage5tupleNtB6_6Schema10get_column0Ba_
FNDA:0,_RNCNvMs_NtNtCsioRnW7FrYT6_6rustdb7storage5tupleNtB6_6Schema10has_column0Ba_
FNDA:0,_RNvMNtNtCsioRnW7FrYT6_6rustdb7storage5tupleNtB2_5Tuple10from_bytes
FNDA:0,_RNvMNtNtCsioRnW7FrYT6_6rustdb7storage5tupleNtB2_5Tuple10has_column
FNDA:0,_RNvMNtNtCsioRnW7FrYT6_6rustdb7storage5tupleNtB2_5Tuple10is_deleted
FNDA:0,_RNvMNtNtCsioRnW7FrYT6_6rustdb7storage5tupleNtB2_5Tuple12mark_deleted
FNDA:0,_RNvMNtNtCsioRnW7FrYT6_6rustdb7storage5tupleNtB2_5Tuple18create_new_version
FNDA:0,_RNvMNtNtCsioRnW7FrYT6_6rustdb7storage5tupleNtB2_5Tuple23validate_against_schema
FNDA:0,_RNvMNtNtCsioRnW7FrYT6_6rustdb7storage5tupleNtB2_5Tuple28validate_against_base_schema
FNDA:0,_RNvMNtNtCsioRnW7FrYT6_6rustdb7storage5tupleNtB2_5Tuple3new
FNDA:0,_RNvMNtNtCsioRnW7FrYT6_6rustdb7storage5tupleNtB2_5Tuple4size
FNDA:0,_RNvMNtNtCsioRnW7FrYT6_6rustdb7storage5tupleNtB2_5Tuple8to_bytes
FNDA:0,_RNvMNtNtCsioRnW7FrYT6_6rustdb7storage5tupleNtB2_5Tuple9get_value
FNDA:0,_RNvMNtNtCsioRnW7FrYT6_6rustdb7storage5tupleNtB2_5Tuple9set_value
FNDA:0,_RNvMs0_NtNtCsioRnW7FrYT6_6rustdb7storage5tupleNtB5_10Constraint3new
FNDA:0,_RNvMs0_NtNtCsioRnW7FrYT6_6rustdb7storage5tupleNtB5_10Constraint8validate
FNDA:0,_RNvMs1_NtNtCsioRnW7FrYT6_6rustdb7storage5tupleNtB5_7Trigger14with_condition
FNDA:0,_RNvMs1_NtNtCsioRnW7FrYT6_6rustdb7storage5tupleNtB5_7Trigger3new
FNDA:0,_RNvMs_NtNtCsioRnW7FrYT6_6rustdb7storage5tupleNtB4_6Schema10add_column
FNDA:0,_RNvMs_NtNtCsioRnW7FrYT6_6rustdb7storage5tupleNtB4_6Schema10get_column
FNDA:0,_RNvMs_NtNtCsioRnW7FrYT6_6rustdb7storage5tupleNtB4_6Schema10has_column
FNDA:0,_RNvMs_NtNtCsioRnW7FrYT6_6rustdb7storage5tupleNtB4_6Schema11add_trigger
FNDA:0,_RNvMs_NtNtCsioRnW7FrYT6_6rustdb7storage5tupleNtB4_6Schema11foreign_key
FNDA:0,_RNvMs_NtNtCsioRnW7FrYT6_6rustdb7storage5tupleNtB4_6Schema11get_columns
FNDA:0,_RNvMs_NtNtCsioRnW7FrYT6_6rustdb7storage5tupleNtB4_6Schema11primary_key
FNDA:0,_RNvMs_NtNtCsioRnW7FrYT6_6rustdb7storage5tupleNtB4_6Schema12with_options
FNDA:0,_RNvMs_NtNtCsioRnW7FrYT6_6rustdb7storage5tupleNtB4_6Schema14add_constraint
FNDA:0,_RNvMs_NtNtCsioRnW7FrYT6_6rustdb7storage5tupleNtB4_6Schema14validate_tuple
FNDA:0,_RNvMs_NtNtCsioRnW7FrYT6_6rustdb7storage5tupleNtB4_6Schema3new
FNDA:0,_RNvMs_NtNtCsioRnW7FrYT6_6rustdb7storage5tupleNtB4_6Schema5index
FNDA:0,_RNvMs_NtNtCsioRnW7FrYT6_6rustdb7storage5tupleNtB4_6Schema6unique
FNDA:0,_RNvXs2_NtNtCsioRnW7FrYT6_6rustdb7storage5tupleNtB5_12TableOptionsNtNtCsixiwFwjEgS7_4core7default7Default7default
FNDA:0,_RNvMNtNtCs9nxHbwgHRMj_6rustdb7storage5tupleNtB2_5Tuple10from_bytes
FNDA:0,_RNvMNtNtCs9nxHbwgHRMj_6rustdb7storage5tupleNtB2_5Tuple23validate_against_schema
FNDA:0,_RNvMNtNtCs9nxHbwgHRMj_6rustdb7storage5tupleNtB2_5Tuple4size
FNDA:0,_RNvMNtNtCs9nxHbwgHRMj_6rustdb7storage5tupleNtB2_5Tuple8to_bytes
FNDA:0,_RNvMs1_NtNtCs9nxHbwgHRMj_6rustdb7storage5tupleNtB5_7Trigger14with_condition
FNDA:0,_RNvMs_NtNtCs9nxHbwgHRMj_6rustdb7storage5tupleNtB4_6Schema11add_trigger
FNDA:0,_RNvMs_NtNtCs9nxHbwgHRMj_6rustdb7storage5tupleNtB4_6Schema11foreign_key
FNDA:0,_RNvMs_NtNtCs9nxHbwgHRMj_6rustdb7storage5tupleNtB4_6Schema11primary_key
FNDA:0,_RNvMs_NtNtCs9nxHbwgHRMj_6rustdb7storage5tupleNtB4_6Schema12with_options
FNDA:0,_RNvMs_NtNtCs9nxHbwgHRMj_6rustdb7storage5tupleNtB4_6Schema14add_constraint
FNDA:0,_RNvMs_NtNtCs9nxHbwgHRMj_6rustdb7storage5tupleNtB4_6Schema5index
FNDA:0,_RNvMs_NtNtCs9nxHbwgHRMj_6rustdb7storage5tupleNtB4_6Schema6unique
FNDA:0,_RNCNvMs_NtNtCs9nxHbwgHRMj_6rustdb7storage5tupleNtB6_6Schema10get_column0Ba_
FNDA:1,_RNCNvMs_NtNtCs9nxHbwgHRMj_6rustdb7storage5tupleNtB6_6Schema10has_column0Ba_
FNDA:1,_RNvMNtNtCs9nxHbwgHRMj_6rustdb7storage5tupleNtB2_5Tuple10has_column
FNDA:3,_RNvMNtNtCs9nxHbwgHRMj_6rustdb7storage5tupleNtB2_5Tuple10is_deleted
FNDA:2,_RNvMNtNtCs9nxHbwgHRMj_6rustdb7storage5tupleNtB2_5Tuple12mark_deleted
FNDA:3,_RNvMNtNtCs9nxHbwgHRMj_6rustdb7storage5tupleNtB2_5Tuple18create_new_version
FNDA:4,_RNvMNtNtCs9nxHbwgHRMj_6rustdb7storage5tupleNtB2_5Tuple28validate_against_base_schema
FNDA:10,_RNvMNtNtCs9nxHbwgHRMj_6rustdb7storage5tupleNtB2_5Tuple3new
FNDA:3,_RNvMNtNtCs9nxHbwgHRMj_6rustdb7storage5tupleNtB2_5Tuple9get_value
FNDA:4,_RNvMNtNtCs9nxHbwgHRMj_6rustdb7storage5tupleNtB2_5Tuple9set_value
FNDA:1,_RNvMs0_NtNtCs9nxHbwgHRMj_6rustdb7storage5tupleNtB5_10Constraint3new
FNDA:0,_RNvMs0_NtNtCs9nxHbwgHRMj_6rustdb7storage5tupleNtB5_10Constraint8validate
FNDA:1,_RNvMs1_NtNtCs9nxHbwgHRMj_6rustdb7storage5tupleNtB5_7Trigger3new
FNDA:3,_RNvMs_NtNtCs9nxHbwgHRMj_6rustdb7storage5tupleNtB4_6Schema10add_column
FNDA:0,_RNvMs_NtNtCs9nxHbwgHRMj_6rustdb7storage5tupleNtB4_6Schema10get_column
FNDA:2,_RNvMs_NtNtCs9nxHbwgHRMj_6rustdb7storage5tupleNtB4_6Schema10has_column
FNDA:1,_RNvMs_NtNtCs9nxHbwgHRMj_6rustdb7storage5tupleNtB4_6Schema11get_columns
FNDA:4,_RNvMs_NtNtCs9nxHbwgHRMj_6rustdb7storage5tupleNtB4_6Schema14validate_tuple
FNDA:9,_RNvMs_NtNtCs9nxHbwgHRMj_6rustdb7storage5tupleNtB4_6Schema3new
FNDA:9,_RNvXs2_NtNtCs9nxHbwgHRMj_6rustdb7storage5tupleNtB5_12TableOptionsNtNtCsixiwFwjEgS7_4core7default7Default7default
FNDA:1,_RNvNtNtNtCs9nxHbwgHRMj_6rustdb7storage5tuple5testss_17test_tuple_values
FNDA:1,_RNvNtNtNtCs9nxHbwgHRMj_6rustdb7storage5tuple5testss_19test_tuple_creation
FNDA:1,_RNvNtNtNtCs9nxHbwgHRMj_6rustdb7storage5tuple5testss_20test_schema_creation
FNDA:1,_RNvNtNtNtCs9nxHbwgHRMj_6rustdb7storage5tuple5testss_21test_trigger_creation
FNDA:1,_RNvNtNtNtCs9nxHbwgHRMj_6rustdb7storage5tuple5testss_21test_tuple_versioning
FNDA:1,_RNvNtNtNtCs9nxHbwgHRMj_6rustdb7storage5tuple5testss_22test_schema_validation
FNDA:1,_RNvNtNtNtCs9nxHbwgHRMj_6rustdb7storage5tuple5testss_24test_constraint_creation
FNF:39
FNH:24
DA:33,10
DA:34,10
DA:35,10
DA:36,10
DA:37,10
DA:39,10
DA:40,10
DA:41,10
DA:42,10
DA:43,10
DA:44,10
DA:45,10
DA:46,10
DA:47,10
DA:48,10
DA:49,10
DA:52,4
DA:53,4
DA:54,4
DA:55,4
DA:56,4
DA:57,4
DA:58,4
DA:61,3
DA:62,3
DA:63,3
DA:66,1
DA:67,1
DA:68,1
DA:71,2
DA:72,2
DA:73,2
DA:74,2
DA:75,2
DA:76,2
DA:77,2
DA:80,3
DA:81,3
DA:82,3
DA:85,3
DA:86,3
DA:87,3
DA:88,3
DA:89,3
DA:90,3
DA:91,3
DA:92,3
DA:93,3
DA:94,3
DA:97,3
DA:99,3
DA:100,3
DA:103,0
DA:104,0
DA:105,0
DA:108,0
DA:109,0
DA:110,0
DA:113,0
DA:114,0
DA:115,0
DA:118,0
DA:119,0
DA:120,0
DA:121,0
DA:122,0
DA:123,0
DA:124,0
DA:125,0
DA:126,0
DA:127,0
DA:129,0
DA:130,0
DA:131,0
DA:132,0
DA:134,0
DA:136,0
DA:137,0
DA:140,4
DA:141,5
DA:142,1
DA:143,1
DA:144,1
DA:145,0
DA:146,0
DA:147,0
DA:148,0
DA:149,1
DA:151,0
DA:152,0
DA:153,0
DA:154,0
DA:156,0
DA:158,4
DA:159,4
DA:177,9
DA:178,9
DA:179,9
DA:180,9
DA:181,9
DA:182,9
DA:183,9
DA:184,9
DA:187,3
DA:188,3
DA:189,3
DA:190,3
DA:193,0
DA:194,0
DA:195,0
DA:196,0
DA:199,0
DA:200,0
DA:201,0
DA:202,0
DA:205,0
DA:206,0
DA:207,0
DA:208,0
DA:211,0
DA:212,0
DA:213,0
DA:214,0
DA:217,0
DA:218,0
DA:219,0
DA:220,0
DA:223,0
DA:224,0
DA:225,0
DA:226,0
DA:229,0
DA:230,0
DA:231,0
DA:232,0
DA:235,4
DA:237,4
DA:240,4
DA:241,0
DA:244,4
DA:245,4
DA:248,1
DA:249,1
DA:250,1
DA:253,0
DA:254,0
DA:255,0
DA:258,2
DA:259,2
DA:260,2
DA:278,1
DA:279,1
DA:280,1
DA:281,1
DA:282,1
DA:283,1
DA:284,1
DA:285,1
DA:286,1
DA:287,1
DA:288,1
DA:289,1
DA:290,1
DA:293,0
DA:295,0
DA:296,0
DA:329,1
DA:330,1
DA:331,1
DA:332,1
DA:333,1
DA:334,1
DA:335,1
DA:336,1
DA:337,1
DA:340,0
DA:341,0
DA:342,0
DA:343,0
DA:388,9
DA:389,9
DA:390,9
DA:391,9
DA:392,9
DA:393,9
DA:394,9
DA:395,9
DA:396,9
DA:397,9
DA:398,9
DA:407,1
DA:408,1
DA:409,1
DA:410,1
DA:411,1
DA:412,1
DA:413,1
DA:416,1
DA:417,1
DA:418,1
DA:420,1
DA:421,1
DA:422,1
DA:423,1
DA:426,1
DA:429,1
DA:430,1
DA:431,1
DA:433,1
DA:434,1
DA:435,1
DA:436,1
DA:439,1
DA:440,1
DA:441,1
DA:442,1
DA:443,1
DA:444,1
DA:447,1
DA:448,1
DA:449,1
DA:451,1
DA:452,1
DA:454,1
DA:455,1
DA:458,1
DA:459,1
DA:460,1
DA:461,1
DA:462,1
DA:463,1
DA:466,1
DA:467,1
DA:468,1
DA:471,1
DA:472,1
DA:473,1
DA:474,1
DA:475,1
DA:476,1
DA:479,1
DA:480,1
DA:481,1
DA:482,1
BRF:0
BRH:0
LF:246
LH:171
end_of_record